{"/home/travis/build/npmtest/node-npmtest-remap-istanbul/test.js":{"path":"/home/travis/build/npmtest/node-npmtest-remap-istanbul/test.js","s":{"1":2,"2":2,"3":2,"4":2,"5":2,"6":2,"7":2,"8":1,"9":2,"10":2,"11":1,"12":1,"13":1,"14":1,"15":2,"16":2,"17":2,"18":2,"19":1,"20":1,"21":2,"22":2,"23":2,"24":1,"25":1,"26":1,"27":1,"28":1,"29":1,"30":1,"31":1,"32":1,"33":1,"34":1,"35":1,"36":1,"37":1,"38":1,"39":2,"40":2,"41":1,"42":2,"43":2,"44":1,"45":2,"46":2,"47":1,"48":2,"49":2,"50":1,"51":1,"52":1,"53":1,"54":1},"b":{"1":[2,1,1,1],"2":[1,1,1,1],"3":[1,1],"4":[1,1],"5":[1,1],"6":[1,1],"7":[1,1],"8":[1,1],"9":[1,1],"10":[1,1,1],"11":[1,1],"12":[1,1],"13":[1,1],"14":[1,1],"15":[1,1],"16":[1,1],"17":[1,1]},"f":{"1":2,"2":2,"3":2,"4":2,"5":2,"6":1,"7":1,"8":1,"9":2,"10":2,"11":2,"12":2,"13":1},"fnMap":{"1":{"name":"(anonymous_1)","line":12,"loc":{"start":{"line":12,"column":1},"end":{"line":12,"column":13}}},"2":{"name":"(anonymous_2)","line":19,"loc":{"start":{"line":19,"column":5},"end":{"line":19,"column":17}}},"3":{"name":"(anonymous_3)","line":23,"loc":{"start":{"line":23,"column":24},"end":{"line":23,"column":36}}},"4":{"name":"(anonymous_4)","line":61,"loc":{"start":{"line":61,"column":5},"end":{"line":61,"column":17}}},"5":{"name":"(anonymous_5)","line":82,"loc":{"start":{"line":82,"column":5},"end":{"line":82,"column":17}}},"6":{"name":"(anonymous_6)","line":91,"loc":{"start":{"line":91,"column":77},"end":{"line":94,"column":10}}},"7":{"name":"(anonymous_7)","line":112,"loc":{"start":{"line":112,"column":83},"end":{"line":115,"column":10}},"skip":true},"8":{"name":"(anonymous_8)","line":123,"loc":{"start":{"line":123,"column":77},"end":{"line":126,"column":10}},"skip":true},"9":{"name":"(anonymous_9)","line":139,"loc":{"start":{"line":139,"column":12},"end":{"line":139,"column":40}},"skip":true},"10":{"name":"(anonymous_10)","line":147,"loc":{"start":{"line":147,"column":77},"end":{"line":150,"column":10}},"skip":true},"11":{"name":"(anonymous_11)","line":158,"loc":{"start":{"line":158,"column":83},"end":{"line":161,"column":10}},"skip":true},"12":{"name":"(anonymous_12)","line":169,"loc":{"start":{"line":169,"column":79},"end":{"line":172,"column":10}},"skip":true},"13":{"name":"(anonymous_13)","line":180,"loc":{"start":{"line":180,"column":75},"end":{"line":183,"column":10}},"skip":true}},"statementMap":{"1":{"start":{"line":12,"column":0},"end":{"line":195,"column":5}},"2":{"start":{"line":14,"column":4},"end":{"line":14,"column":14}},"3":{"start":{"line":19,"column":4},"end":{"line":56,"column":9}},"4":{"start":{"line":21,"column":8},"end":{"line":21,"column":19}},"5":{"start":{"line":23,"column":8},"end":{"line":35,"column":13}},"6":{"start":{"line":24,"column":12},"end":{"line":34,"column":13}},"7":{"start":{"line":25,"column":16},"end":{"line":28,"column":30}},"8":{"start":{"line":30,"column":16},"end":{"line":33,"column":27}},"9":{"start":{"line":37,"column":8},"end":{"line":39,"column":21}},"10":{"start":{"line":40,"column":8},"end":{"line":53,"column":9}},"11":{"start":{"line":43,"column":12},"end":{"line":46,"column":14}},"12":{"start":{"line":47,"column":12},"end":{"line":47,"column":18}},"13":{"start":{"line":50,"column":12},"end":{"line":51,"column":33}},"14":{"start":{"line":52,"column":12},"end":{"line":52,"column":18}},"15":{"start":{"line":55,"column":8},"end":{"line":55,"column":35}},"16":{"start":{"line":61,"column":4},"end":{"line":63,"column":9}},"17":{"start":{"line":62,"column":8},"end":{"line":62,"column":15}},"18":{"start":{"line":64,"column":4},"end":{"line":77,"column":5}},"19":{"start":{"line":70,"column":8},"end":{"line":70,"column":14}},"20":{"start":{"line":76,"column":8},"end":{"line":76,"column":14}},"21":{"start":{"line":82,"column":4},"end":{"line":84,"column":9}},"22":{"start":{"line":83,"column":8},"end":{"line":83,"column":15}},"23":{"start":{"line":85,"column":4},"end":{"line":194,"column":5}},"24":{"start":{"line":91,"column":8},"end":{"line":99,"column":10}},"25":{"start":{"line":98,"column":12},"end":{"line":98,"column":35}},"26":{"start":{"line":102,"column":8},"end":{"line":104,"column":63}},"27":{"start":{"line":105,"column":8},"end":{"line":105,"column":14}},"28":{"start":{"line":112,"column":8},"end":{"line":121,"column":10},"skip":true},"29":{"start":{"line":119,"column":12},"end":{"line":119,"column":55},"skip":true},"30":{"start":{"line":120,"column":12},"end":{"line":120,"column":48},"skip":true},"31":{"start":{"line":123,"column":8},"end":{"line":136,"column":10},"skip":true},"32":{"start":{"line":130,"column":12},"end":{"line":130,"column":76},"skip":true},"33":{"start":{"line":131,"column":12},"end":{"line":131,"column":73},"skip":true},"34":{"start":{"line":132,"column":12},"end":{"line":132,"column":74},"skip":true},"35":{"start":{"line":133,"column":12},"end":{"line":133,"column":79},"skip":true},"36":{"start":{"line":134,"column":12},"end":{"line":134,"column":25},"skip":true},"37":{"start":{"line":135,"column":12},"end":{"line":135,"column":45},"skip":true},"38":{"start":{"line":138,"column":8},"end":{"line":145,"column":14},"skip":true},"39":{"start":{"line":143,"column":16},"end":{"line":143,"column":29},"skip":true},"40":{"start":{"line":144,"column":16},"end":{"line":144,"column":55},"skip":true},"41":{"start":{"line":147,"column":8},"end":{"line":156,"column":10},"skip":true},"42":{"start":{"line":154,"column":12},"end":{"line":154,"column":25},"skip":true},"43":{"start":{"line":155,"column":12},"end":{"line":155,"column":45},"skip":true},"44":{"start":{"line":158,"column":8},"end":{"line":167,"column":10},"skip":true},"45":{"start":{"line":165,"column":12},"end":{"line":165,"column":25},"skip":true},"46":{"start":{"line":166,"column":12},"end":{"line":166,"column":48},"skip":true},"47":{"start":{"line":169,"column":8},"end":{"line":178,"column":10},"skip":true},"48":{"start":{"line":176,"column":12},"end":{"line":176,"column":25},"skip":true},"49":{"start":{"line":177,"column":12},"end":{"line":177,"column":46},"skip":true},"50":{"start":{"line":180,"column":8},"end":{"line":189,"column":10},"skip":true},"51":{"start":{"line":187,"column":12},"end":{"line":187,"column":94},"skip":true},"52":{"start":{"line":188,"column":12},"end":{"line":188,"column":48},"skip":true},"53":{"start":{"line":192,"column":8},"end":{"line":192,"column":35},"skip":true},"54":{"start":{"line":193,"column":8},"end":{"line":193,"column":14},"skip":true}},"branchMap":{"1":{"line":25,"type":"binary-expr","locations":[{"start":{"line":25,"column":23},"end":{"line":25,"column":62}},{"start":{"line":26,"column":20},"end":{"line":26,"column":70}},{"start":{"line":27,"column":20},"end":{"line":27,"column":71}},{"start":{"line":28,"column":20},"end":{"line":28,"column":29}}]},"2":{"line":30,"type":"binary-expr","locations":[{"start":{"line":30,"column":23},"end":{"line":30,"column":37}},{"start":{"line":31,"column":20},"end":{"line":31,"column":61}},{"start":{"line":32,"column":20},"end":{"line":32,"column":70}},{"start":{"line":33,"column":20},"end":{"line":33,"column":26}}]},"3":{"line":37,"type":"cond-expr","locations":[{"start":{"line":38,"column":14},"end":{"line":38,"column":20}},{"start":{"line":39,"column":14},"end":{"line":39,"column":20}}]},"4":{"line":40,"type":"switch","locations":[{"start":{"line":42,"column":8},"end":{"line":47,"column":18}},{"start":{"line":49,"column":8},"end":{"line":52,"column":18}}]},"5":{"line":44,"type":"binary-expr","locations":[{"start":{"line":44,"column":16},"end":{"line":44,"column":44}},{"start":{"line":44,"column":48},"end":{"line":44,"column":66}}]},"6":{"line":50,"type":"binary-expr","locations":[{"start":{"line":50,"column":21},"end":{"line":50,"column":49}},{"start":{"line":50,"column":53},"end":{"line":50,"column":72}}]},"7":{"line":64,"type":"switch","locations":[{"start":{"line":69,"column":4},"end":{"line":70,"column":14}},{"start":{"line":75,"column":4},"end":{"line":76,"column":14}}]},"8":{"line":85,"type":"switch","locations":[{"start":{"line":90,"column":4},"end":{"line":105,"column":14}},{"start":{"line":111,"column":4},"end":{"line":193,"column":14},"skip":true}]},"9":{"line":91,"type":"binary-expr","locations":[{"start":{"line":91,"column":42},"end":{"line":91,"column":73}},{"start":{"line":91,"column":77},"end":{"line":99,"column":9}}]},"10":{"line":102,"type":"binary-expr","locations":[{"start":{"line":102,"column":18},"end":{"line":102,"column":32}},{"start":{"line":103,"column":12},"end":{"line":103,"column":53}},{"start":{"line":104,"column":12},"end":{"line":104,"column":61}}]},"11":{"line":112,"type":"binary-expr","locations":[{"start":{"line":112,"column":45},"end":{"line":112,"column":79},"skip":true},{"start":{"line":112,"column":83},"end":{"line":121,"column":9},"skip":true}]},"12":{"line":123,"type":"binary-expr","locations":[{"start":{"line":123,"column":42},"end":{"line":123,"column":73},"skip":true},{"start":{"line":123,"column":77},"end":{"line":136,"column":9},"skip":true}]},"13":{"line":138,"type":"binary-expr","locations":[{"start":{"line":138,"column":48},"end":{"line":138,"column":85},"skip":true},{"start":{"line":139,"column":12},"end":{"line":145,"column":13},"skip":true}]},"14":{"line":147,"type":"binary-expr","locations":[{"start":{"line":147,"column":42},"end":{"line":147,"column":73},"skip":true},{"start":{"line":147,"column":77},"end":{"line":156,"column":9},"skip":true}]},"15":{"line":158,"type":"binary-expr","locations":[{"start":{"line":158,"column":45},"end":{"line":158,"column":79},"skip":true},{"start":{"line":158,"column":83},"end":{"line":167,"column":9},"skip":true}]},"16":{"line":169,"type":"binary-expr","locations":[{"start":{"line":169,"column":43},"end":{"line":169,"column":75},"skip":true},{"start":{"line":169,"column":79},"end":{"line":178,"column":9},"skip":true}]},"17":{"line":180,"type":"binary-expr","locations":[{"start":{"line":180,"column":41},"end":{"line":180,"column":71},"skip":true},{"start":{"line":180,"column":75},"end":{"line":189,"column":9},"skip":true}]}},"code":["/* istanbul instrument in package npmtest_remap_istanbul */","/*jslint","    bitwise: true,","    browser: true,","    maxerr: 8,","    maxlen: 96,","    node: true,","    nomen: true,","    regexp: true,","    stupid: true","*/","(function () {","    'use strict';","    var local;","","","","    // run shared js-env code - pre-init","    (function () {","        // init local","        local = {};","        // init modeJs","        local.modeJs = (function () {","            try {","                return typeof navigator.userAgent === 'string' &&","                    typeof document.querySelector('body') === 'object' &&","                    typeof XMLHttpRequest.prototype.open === 'function' &&","                    'browser';","            } catch (errorCaughtBrowser) {","                return module.exports &&","                    typeof process.versions.node === 'string' &&","                    typeof require('http').createServer === 'function' &&","                    'node';","            }","        }());","        // init global","        local.global = local.modeJs === 'browser'","            ? window","            : global;","        switch (local.modeJs) {","        // re-init local from window.local","        case 'browser':","            local = local.global.utility2.objectSetDefault(","                local.global.utility2_rollup || local.global.local,","                local.global.utility2","            );","            break;","        // re-init local from example.js","        case 'node':","            local = (local.global.utility2_rollup || require('utility2'))","                .requireReadme();","            break;","        }","        // export local","        local.global.local = local;","    }());","","","","    // run shared js-env code - function","    (function () {","        return;","    }());","    switch (local.modeJs) {","","","","    // run browser js-env code - function","    case 'browser':","        break;","","","","    // run node js-env code - function","    case 'node':","        break;","    }","","","","    // run shared js-env code - post-init","    (function () {","        return;","    }());","    switch (local.modeJs) {","","","","    // run browser js-env code - post-init","    case 'browser':","        local.testCase_browser_nullCase = local.testCase_browser_nullCase || function (","            options,","            onError","        ) {","        /*","         * this function will test browsers's null-case handling-behavior-behavior","         */","            onError(null, options);","        };","","        // run tests","        local.nop(local.modeTest &&","            document.querySelector('#testRunButton1') &&","            document.querySelector('#testRunButton1').click());","        break;","","","","    // run node js-env code - post-init","    /* istanbul ignore next */","    case 'node':","        local.testCase_buildApidoc_default = local.testCase_buildApidoc_default || function (","            options,","            onError","        ) {","        /*","         * this function will test buildApidoc's default handling-behavior-behavior","         */","            options = { modulePathList: module.paths };","            local.buildApidoc(options, onError);","        };","","        local.testCase_buildApp_default = local.testCase_buildApp_default || function (","            options,","            onError","        ) {","        /*","         * this function will test buildApp's default handling-behavior-behavior","         */","            local.testCase_buildReadme_default(options, local.onErrorThrow);","            local.testCase_buildLib_default(options, local.onErrorThrow);","            local.testCase_buildTest_default(options, local.onErrorThrow);","            local.testCase_buildCustomOrg_default(options, local.onErrorThrow);","            options = [];","            local.buildApp(options, onError);","        };","","        local.testCase_buildCustomOrg_default = local.testCase_buildCustomOrg_default ||","            function (options, onError) {","            /*","             * this function will test buildCustomOrg's default handling-behavior","             */","                options = {};","                local.buildCustomOrg(options, onError);","            };","","        local.testCase_buildLib_default = local.testCase_buildLib_default || function (","            options,","            onError","        ) {","        /*","         * this function will test buildLib's default handling-behavior","         */","            options = {};","            local.buildLib(options, onError);","        };","","        local.testCase_buildReadme_default = local.testCase_buildReadme_default || function (","            options,","            onError","        ) {","        /*","         * this function will test buildReadme's default handling-behavior-behavior","         */","            options = {};","            local.buildReadme(options, onError);","        };","","        local.testCase_buildTest_default = local.testCase_buildTest_default || function (","            options,","            onError","        ) {","        /*","         * this function will test buildTest's default handling-behavior","         */","            options = {};","            local.buildTest(options, onError);","        };","","        local.testCase_webpage_default = local.testCase_webpage_default || function (","            options,","            onError","        ) {","        /*","         * this function will test webpage's default handling-behavior","         */","            options = { modeCoverageMerge: true, url: local.serverLocalHost + '?modeTest=1' };","            local.browserTest(options, onError);","        };","","        // run test-server","        local.testRunServer(local);","        break;","    }","}());",""],"l":{"12":2,"14":2,"19":2,"21":2,"23":2,"24":2,"25":2,"30":1,"37":2,"40":2,"43":1,"47":1,"50":1,"52":1,"55":2,"61":2,"62":2,"64":2,"70":1,"76":1,"82":2,"83":2,"85":2,"91":1,"98":1,"102":1,"105":1,"112":1,"119":1,"120":1,"123":1,"130":1,"131":1,"132":1,"133":1,"134":1,"135":1,"138":1,"143":2,"144":2,"147":1,"154":2,"155":2,"158":1,"165":2,"166":2,"169":1,"176":2,"177":2,"180":1,"187":1,"188":1,"192":1,"193":1}},"/home/travis/build/npmtest/node-npmtest-remap-istanbul/lib.npmtest_remap_istanbul.js":{"path":"/home/travis/build/npmtest/node-npmtest-remap-istanbul/lib.npmtest_remap_istanbul.js","s":{"1":2,"2":2,"3":2,"4":2,"5":2,"6":2,"7":2,"8":1,"9":2,"10":2,"11":2,"12":2,"13":1,"14":1,"15":1,"16":1},"b":{"1":[2,1,1,1],"2":[1,1,1,1],"3":[1,1],"4":[2,2],"5":[1,1]},"f":{"1":2,"2":2,"3":2},"fnMap":{"1":{"name":"(anonymous_1)","line":12,"loc":{"start":{"line":12,"column":1},"end":{"line":12,"column":13}}},"2":{"name":"(anonymous_2)","line":19,"loc":{"start":{"line":19,"column":5},"end":{"line":19,"column":17}}},"3":{"name":"(anonymous_3)","line":23,"loc":{"start":{"line":23,"column":24},"end":{"line":23,"column":36}}}},"statementMap":{"1":{"start":{"line":12,"column":0},"end":{"line":53,"column":5}},"2":{"start":{"line":14,"column":4},"end":{"line":14,"column":14}},"3":{"start":{"line":19,"column":4},"end":{"line":52,"column":9}},"4":{"start":{"line":21,"column":8},"end":{"line":21,"column":19}},"5":{"start":{"line":23,"column":8},"end":{"line":35,"column":13}},"6":{"start":{"line":24,"column":12},"end":{"line":34,"column":13}},"7":{"start":{"line":25,"column":16},"end":{"line":28,"column":30}},"8":{"start":{"line":30,"column":16},"end":{"line":33,"column":27}},"9":{"start":{"line":37,"column":8},"end":{"line":39,"column":21}},"10":{"start":{"line":41,"column":8},"end":{"line":41,"column":54}},"11":{"start":{"line":43,"column":8},"end":{"line":43,"column":59}},"12":{"start":{"line":45,"column":8},"end":{"line":51,"column":9}},"13":{"start":{"line":46,"column":12},"end":{"line":46,"column":65}},"14":{"start":{"line":48,"column":12},"end":{"line":48,"column":35}},"15":{"start":{"line":49,"column":12},"end":{"line":49,"column":49}},"16":{"start":{"line":50,"column":12},"end":{"line":50,"column":43}}},"branchMap":{"1":{"line":25,"type":"binary-expr","locations":[{"start":{"line":25,"column":23},"end":{"line":25,"column":62}},{"start":{"line":26,"column":20},"end":{"line":26,"column":70}},{"start":{"line":27,"column":20},"end":{"line":27,"column":71}},{"start":{"line":28,"column":20},"end":{"line":28,"column":29}}]},"2":{"line":30,"type":"binary-expr","locations":[{"start":{"line":30,"column":23},"end":{"line":30,"column":37}},{"start":{"line":31,"column":20},"end":{"line":31,"column":61}},{"start":{"line":32,"column":20},"end":{"line":32,"column":70}},{"start":{"line":33,"column":20},"end":{"line":33,"column":26}}]},"3":{"line":37,"type":"cond-expr","locations":[{"start":{"line":38,"column":14},"end":{"line":38,"column":20}},{"start":{"line":39,"column":14},"end":{"line":39,"column":20}}]},"4":{"line":41,"type":"binary-expr","locations":[{"start":{"line":41,"column":16},"end":{"line":41,"column":44}},{"start":{"line":41,"column":48},"end":{"line":41,"column":53}}]},"5":{"line":45,"type":"if","locations":[{"start":{"line":45,"column":8},"end":{"line":45,"column":8}},{"start":{"line":45,"column":8},"end":{"line":45,"column":8}}]}},"code":["/* istanbul instrument in package npmtest_remap_istanbul */","/*jslint","    bitwise: true,","    browser: true,","    maxerr: 8,","    maxlen: 96,","    node: true,","    nomen: true,","    regexp: true,","    stupid: true","*/","(function () {","    'use strict';","    var local;","","","","    // run shared js-env code - pre-init","    (function () {","        // init local","        local = {};","        // init modeJs","        local.modeJs = (function () {","            try {","                return typeof navigator.userAgent === 'string' &&","                    typeof document.querySelector('body') === 'object' &&","                    typeof XMLHttpRequest.prototype.open === 'function' &&","                    'browser';","            } catch (errorCaughtBrowser) {","                return module.exports &&","                    typeof process.versions.node === 'string' &&","                    typeof require('http').createServer === 'function' &&","                    'node';","            }","        }());","        // init global","        local.global = local.modeJs === 'browser'","            ? window","            : global;","        // init utility2_rollup","        local = local.global.utility2_rollup || local;","        // init lib","        local.local = local.npmtest_remap_istanbul = local;","        // init exports","        if (local.modeJs === 'browser') {","            local.global.utility2_npmtest_remap_istanbul = local;","        } else {","            module.exports = local;","            module.exports.__dirname = __dirname;","            module.exports.module = module;","        }","    }());","}());",""],"l":{"12":2,"14":2,"19":2,"21":2,"23":2,"24":2,"25":2,"30":1,"37":2,"41":2,"43":2,"45":2,"46":1,"48":1,"49":1,"50":1}},"/home/travis/build/npmtest/node-npmtest-remap-istanbul/example.js":{"path":"/home/travis/build/npmtest/node-npmtest-remap-istanbul/example.js","s":{"1":2,"2":2,"3":2,"4":2,"5":2,"6":2,"7":2,"8":1,"9":2,"10":2,"11":2,"12":2,"13":1,"14":2,"15":2,"16":2,"17":2,"18":2,"19":0,"20":2,"21":1,"22":1,"23":1,"24":1,"25":1,"26":0,"27":0,"28":1,"29":1,"30":2,"31":0,"32":0,"33":0,"34":1,"35":2,"36":2,"37":3,"38":3,"39":3,"40":3,"41":0,"42":3,"43":3,"44":3,"45":1,"46":3,"47":1,"48":1,"49":1,"50":1,"51":1,"52":1,"53":1,"54":1,"55":1,"56":1,"57":0,"58":1,"59":6,"60":6,"61":1,"62":2,"63":0,"64":2,"65":1,"66":1,"67":0,"68":0,"69":0,"70":0,"71":0,"72":0,"73":0,"74":0,"75":0,"76":0,"77":0,"78":0,"79":0,"80":0,"81":0,"82":0,"83":0},"b":{"1":[2,1,1,1],"2":[1,1,1,1],"3":[1,1],"4":[2,2],"5":[1,1],"6":[1,1],"7":[2,0],"8":[2,1,1,1,1,1],"9":[0,2,0],"10":[1,1],"11":[2,1,1],"12":[1,0],"13":[0,2],"14":[2,0,0,0,0,0,0],"15":[0,3],"16":[3,0],"17":[1,1],"18":[0,1],"19":[1,2,0,2],"20":[1,0],"21":[1,1],"22":[0,0],"23":[0,0],"24":[0,0],"25":[0,0],"26":[0,0],"27":[0,0],"28":[0,0]},"f":{"1":2,"2":2,"3":2,"4":2,"5":2,"6":2,"7":3,"8":3,"9":3,"10":1,"11":6,"12":0},"fnMap":{"1":{"name":"(anonymous_1)","line":26,"loc":{"start":{"line":26,"column":1},"end":{"line":26,"column":13}}},"2":{"name":"(anonymous_2)","line":33,"loc":{"start":{"line":33,"column":5},"end":{"line":33,"column":17}}},"3":{"name":"(anonymous_3)","line":37,"loc":{"start":{"line":37,"column":24},"end":{"line":37,"column":36}}},"4":{"name":"(anonymous_4)","line":69,"loc":{"start":{"line":69,"column":31},"end":{"line":69,"column":48}},"skip":true},"5":{"name":"(anonymous_5)","line":78,"loc":{"start":{"line":78,"column":26},"end":{"line":78,"column":45}},"skip":true},"6":{"name":"(anonymous_6)","line":123,"loc":{"start":{"line":123,"column":33},"end":{"line":123,"column":48}},"skip":true},"7":{"name":"(anonymous_7)","line":125,"loc":{"start":{"line":125,"column":27},"end":{"line":125,"column":39}},"skip":true},"8":{"name":"(anonymous_8)","line":133,"loc":{"start":{"line":133,"column":59},"end":{"line":133,"column":74}},"skip":true},"9":{"name":"(anonymous_9)","line":143,"loc":{"start":{"line":143,"column":45},"end":{"line":143,"column":62}},"skip":true},"10":{"name":"(anonymous_10)","line":144,"loc":{"start":{"line":144,"column":73},"end":{"line":144,"column":92}},"skip":true},"11":{"name":"(anonymous_11)","line":272,"loc":{"start":{"line":272,"column":51},"end":{"line":272,"column":77}},"skip":true},"12":{"name":"(anonymous_12)","line":315,"loc":{"start":{"line":315,"column":32},"end":{"line":315,"column":61}},"skip":true}},"statementMap":{"1":{"start":{"line":26,"column":0},"end":{"line":326,"column":5}},"2":{"start":{"line":28,"column":4},"end":{"line":28,"column":14}},"3":{"start":{"line":33,"column":4},"end":{"line":60,"column":9}},"4":{"start":{"line":35,"column":8},"end":{"line":35,"column":19}},"5":{"start":{"line":37,"column":8},"end":{"line":49,"column":13}},"6":{"start":{"line":38,"column":12},"end":{"line":48,"column":13}},"7":{"start":{"line":39,"column":16},"end":{"line":42,"column":30}},"8":{"start":{"line":44,"column":16},"end":{"line":47,"column":27}},"9":{"start":{"line":51,"column":8},"end":{"line":53,"column":21}},"10":{"start":{"line":55,"column":8},"end":{"line":57,"column":45}},"11":{"start":{"line":59,"column":8},"end":{"line":59,"column":35}},"12":{"start":{"line":61,"column":4},"end":{"line":325,"column":5}},"13":{"start":{"line":69,"column":8},"end":{"line":121,"column":10},"skip":true},"14":{"start":{"line":70,"column":12},"end":{"line":88,"column":13},"skip":true},"15":{"start":{"line":76,"column":16},"end":{"line":87,"column":19},"skip":true},"16":{"start":{"line":79,"column":20},"end":{"line":86,"column":21},"skip":true},"17":{"start":{"line":82,"column":24},"end":{"line":82,"column":43},"skip":true},"18":{"start":{"line":83,"column":24},"end":{"line":83,"column":30},"skip":true},"19":{"start":{"line":85,"column":24},"end":{"line":85,"column":49},"skip":true},"20":{"start":{"line":89,"column":12},"end":{"line":107,"column":13},"skip":true},"21":{"start":{"line":92,"column":16},"end":{"line":102,"column":17},"skip":true},"22":{"start":{"line":93,"column":20},"end":{"line":93,"column":86},"skip":true},"23":{"start":{"line":94,"column":20},"end":{"line":95,"column":45},"skip":true},"24":{"start":{"line":96,"column":20},"end":{"line":96,"column":42},"skip":true},"25":{"start":{"line":97,"column":20},"end":{"line":97,"column":48},"skip":true},"26":{"start":{"line":100,"column":20},"end":{"line":100,"column":85},"skip":true},"27":{"start":{"line":101,"column":20},"end":{"line":101,"column":96},"skip":true},"28":{"start":{"line":103,"column":16},"end":{"line":103,"column":22},"skip":true},"29":{"start":{"line":106,"column":16},"end":{"line":106,"column":22},"skip":true},"30":{"start":{"line":108,"column":12},"end":{"line":120,"column":13},"skip":true},"31":{"start":{"line":114,"column":16},"end":{"line":119,"column":17},"skip":true},"32":{"start":{"line":116,"column":20},"end":{"line":116,"column":78},"skip":true},"33":{"start":{"line":118,"column":20},"end":{"line":118,"column":47},"skip":true},"34":{"start":{"line":123,"column":8},"end":{"line":141,"column":11},"skip":true},"35":{"start":{"line":124,"column":12},"end":{"line":124,"column":54},"skip":true},"36":{"start":{"line":125,"column":12},"end":{"line":140,"column":14},"skip":true},"37":{"start":{"line":126,"column":16},"end":{"line":126,"column":28},"skip":true},"38":{"start":{"line":127,"column":16},"end":{"line":127,"column":69},"skip":true},"39":{"start":{"line":128,"column":16},"end":{"line":128,"column":75},"skip":true},"40":{"start":{"line":129,"column":16},"end":{"line":131,"column":17},"skip":true},"41":{"start":{"line":130,"column":20},"end":{"line":130,"column":27},"skip":true},"42":{"start":{"line":133,"column":16},"end":{"line":137,"column":36},"skip":true},"43":{"start":{"line":134,"column":20},"end":{"line":136,"column":55},"skip":true},"44":{"start":{"line":139,"column":16},"end":{"line":139,"column":57},"skip":true},"45":{"start":{"line":143,"column":8},"end":{"line":147,"column":11},"skip":true},"46":{"start":{"line":144,"column":12},"end":{"line":146,"column":15},"skip":true},"47":{"start":{"line":145,"column":16},"end":{"line":145,"column":70},"skip":true},"48":{"start":{"line":149,"column":8},"end":{"line":149,"column":31},"skip":true},"49":{"start":{"line":150,"column":8},"end":{"line":150,"column":14},"skip":true},"50":{"start":{"line":158,"column":8},"end":{"line":158,"column":31},"skip":true},"51":{"start":{"line":160,"column":8},"end":{"line":160,"column":33},"skip":true},"52":{"start":{"line":161,"column":8},"end":{"line":161,"column":37},"skip":true},"53":{"start":{"line":162,"column":8},"end":{"line":162,"column":35},"skip":true},"54":{"start":{"line":164,"column":8},"end":{"line":164,"column":50},"skip":true},"55":{"start":{"line":166,"column":8},"end":{"line":256,"column":2},"skip":true},"56":{"start":{"line":258,"column":8},"end":{"line":286,"column":9},"skip":true},"57":{"start":{"line":259,"column":12},"end":{"line":269,"column":14},"skip":true},"58":{"start":{"line":271,"column":12},"end":{"line":285,"column":19},"skip":true},"59":{"start":{"line":274,"column":20},"end":{"line":274,"column":35},"skip":true},"60":{"start":{"line":275,"column":20},"end":{"line":284,"column":21},"skip":true},"61":{"start":{"line":277,"column":24},"end":{"line":277,"column":64},"skip":true},"62":{"start":{"line":279,"column":24},"end":{"line":279,"column":40},"skip":true},"63":{"start":{"line":281,"column":24},"end":{"line":281,"column":40},"skip":true},"64":{"start":{"line":283,"column":24},"end":{"line":283,"column":39},"skip":true},"65":{"start":{"line":288,"column":8},"end":{"line":290,"column":9},"skip":true},"66":{"start":{"line":289,"column":12},"end":{"line":289,"column":18},"skip":true},"67":{"start":{"line":291,"column":8},"end":{"line":293,"column":54},"skip":true},"68":{"start":{"line":296,"column":8},"end":{"line":301,"column":37},"skip":true},"69":{"start":{"line":303,"column":8},"end":{"line":303,"column":82},"skip":true},"70":{"start":{"line":306,"column":8},"end":{"line":308,"column":9},"skip":true},"71":{"start":{"line":307,"column":12},"end":{"line":307,"column":82},"skip":true},"72":{"start":{"line":310,"column":8},"end":{"line":312,"column":9},"skip":true},"73":{"start":{"line":311,"column":12},"end":{"line":311,"column":18},"skip":true},"74":{"start":{"line":313,"column":8},"end":{"line":313,"column":54},"skip":true},"75":{"start":{"line":314,"column":8},"end":{"line":314,"column":69},"skip":true},"76":{"start":{"line":315,"column":8},"end":{"line":323,"column":36},"skip":true},"77":{"start":{"line":316,"column":12},"end":{"line":316,"column":61},"skip":true},"78":{"start":{"line":317,"column":12},"end":{"line":320,"column":13},"skip":true},"79":{"start":{"line":318,"column":16},"end":{"line":318,"column":75},"skip":true},"80":{"start":{"line":319,"column":16},"end":{"line":319,"column":23},"skip":true},"81":{"start":{"line":321,"column":12},"end":{"line":321,"column":38},"skip":true},"82":{"start":{"line":322,"column":12},"end":{"line":322,"column":27},"skip":true},"83":{"start":{"line":324,"column":8},"end":{"line":324,"column":14},"skip":true}},"branchMap":{"1":{"line":39,"type":"binary-expr","locations":[{"start":{"line":39,"column":23},"end":{"line":39,"column":62}},{"start":{"line":40,"column":20},"end":{"line":40,"column":70}},{"start":{"line":41,"column":20},"end":{"line":41,"column":71}},{"start":{"line":42,"column":20},"end":{"line":42,"column":29}}]},"2":{"line":44,"type":"binary-expr","locations":[{"start":{"line":44,"column":23},"end":{"line":44,"column":37}},{"start":{"line":45,"column":20},"end":{"line":45,"column":61}},{"start":{"line":46,"column":20},"end":{"line":46,"column":70}},{"start":{"line":47,"column":20},"end":{"line":47,"column":26}}]},"3":{"line":51,"type":"cond-expr","locations":[{"start":{"line":52,"column":14},"end":{"line":52,"column":20}},{"start":{"line":53,"column":14},"end":{"line":53,"column":20}}]},"4":{"line":55,"type":"binary-expr","locations":[{"start":{"line":55,"column":16},"end":{"line":55,"column":44}},{"start":{"line":55,"column":49},"end":{"line":57,"column":43}}]},"5":{"line":55,"type":"cond-expr","locations":[{"start":{"line":56,"column":14},"end":{"line":56,"column":58}},{"start":{"line":57,"column":14},"end":{"line":57,"column":43}}]},"6":{"line":61,"type":"switch","locations":[{"start":{"line":68,"column":4},"end":{"line":150,"column":14},"skip":true},{"start":{"line":156,"column":4},"end":{"line":324,"column":14},"skip":true}]},"7":{"line":70,"type":"if","locations":[{"start":{"line":70,"column":12},"end":{"line":70,"column":12},"skip":true},{"start":{"line":70,"column":12},"end":{"line":70,"column":12},"skip":true}]},"8":{"line":70,"type":"binary-expr","locations":[{"start":{"line":70,"column":16},"end":{"line":70,"column":22},"skip":true},{"start":{"line":70,"column":27},"end":{"line":70,"column":32},"skip":true},{"start":{"line":71,"column":20},"end":{"line":71,"column":39},"skip":true},{"start":{"line":72,"column":20},"end":{"line":72,"column":49},"skip":true},{"start":{"line":73,"column":20},"end":{"line":73,"column":58},"skip":true},{"start":{"line":74,"column":20},"end":{"line":74,"column":69},"skip":true}]},"9":{"line":79,"type":"switch","locations":[{"start":{"line":80,"column":20},"end":{"line":80,"column":33},"skip":true},{"start":{"line":81,"column":20},"end":{"line":83,"column":30},"skip":true},{"start":{"line":84,"column":20},"end":{"line":85,"column":49},"skip":true}]},"10":{"line":89,"type":"switch","locations":[{"start":{"line":90,"column":12},"end":{"line":103,"column":22},"skip":true},{"start":{"line":105,"column":12},"end":{"line":106,"column":22},"skip":true}]},"11":{"line":89,"type":"binary-expr","locations":[{"start":{"line":89,"column":20},"end":{"line":89,"column":25},"skip":true},{"start":{"line":89,"column":29},"end":{"line":89,"column":48},"skip":true},{"start":{"line":89,"column":52},"end":{"line":89,"column":74},"skip":true}]},"12":{"line":92,"type":"if","locations":[{"start":{"line":92,"column":16},"end":{"line":92,"column":16},"skip":true},{"start":{"line":92,"column":16},"end":{"line":92,"column":16},"skip":true}]},"13":{"line":108,"type":"if","locations":[{"start":{"line":108,"column":12},"end":{"line":108,"column":12},"skip":true},{"start":{"line":108,"column":12},"end":{"line":108,"column":12},"skip":true}]},"14":{"line":108,"type":"binary-expr","locations":[{"start":{"line":108,"column":16},"end":{"line":108,"column":61},"skip":true},{"start":{"line":108,"column":66},"end":{"line":108,"column":72},"skip":true},{"start":{"line":108,"column":77},"end":{"line":108,"column":82},"skip":true},{"start":{"line":109,"column":20},"end":{"line":109,"column":39},"skip":true},{"start":{"line":110,"column":20},"end":{"line":110,"column":49},"skip":true},{"start":{"line":111,"column":20},"end":{"line":111,"column":58},"skip":true},{"start":{"line":112,"column":20},"end":{"line":112,"column":68},"skip":true}]},"15":{"line":129,"type":"if","locations":[{"start":{"line":129,"column":16},"end":{"line":129,"column":16},"skip":true},{"start":{"line":129,"column":16},"end":{"line":129,"column":16},"skip":true}]},"16":{"line":134,"type":"cond-expr","locations":[{"start":{"line":135,"column":26},"end":{"line":135,"column":29},"skip":true},{"start":{"line":136,"column":26},"end":{"line":136,"column":54},"skip":true}]},"17":{"line":164,"type":"binary-expr","locations":[{"start":{"line":164,"column":27},"end":{"line":164,"column":43},"skip":true},{"start":{"line":164,"column":47},"end":{"line":164,"column":49},"skip":true}]},"18":{"line":258,"type":"if","locations":[{"start":{"line":258,"column":8},"end":{"line":258,"column":8},"skip":true},{"start":{"line":258,"column":8},"end":{"line":258,"column":8},"skip":true}]},"19":{"line":275,"type":"switch","locations":[{"start":{"line":276,"column":20},"end":{"line":277,"column":64},"skip":true},{"start":{"line":278,"column":20},"end":{"line":279,"column":40},"skip":true},{"start":{"line":280,"column":20},"end":{"line":281,"column":40},"skip":true},{"start":{"line":282,"column":20},"end":{"line":283,"column":39},"skip":true}]},"20":{"line":288,"type":"if","locations":[{"start":{"line":288,"column":8},"end":{"line":288,"column":8},"skip":true},{"start":{"line":288,"column":8},"end":{"line":288,"column":8},"skip":true}]},"21":{"line":288,"type":"binary-expr","locations":[{"start":{"line":288,"column":12},"end":{"line":288,"column":40},"skip":true},{"start":{"line":288,"column":44},"end":{"line":288,"column":67},"skip":true}]},"22":{"line":292,"type":"binary-expr","locations":[{"start":{"line":292,"column":12},"end":{"line":292,"column":50},"skip":true},{"start":{"line":293,"column":12},"end":{"line":293,"column":53},"skip":true}]},"23":{"line":297,"type":"binary-expr","locations":[{"start":{"line":297,"column":12},"end":{"line":297,"column":72},"skip":true},{"start":{"line":298,"column":12},"end":{"line":301,"column":36},"skip":true}]},"24":{"line":303,"type":"binary-expr","locations":[{"start":{"line":303,"column":43},"end":{"line":303,"column":75},"skip":true},{"start":{"line":303,"column":79},"end":{"line":303,"column":81},"skip":true}]},"25":{"line":306,"type":"if","locations":[{"start":{"line":306,"column":8},"end":{"line":306,"column":8},"skip":true},{"start":{"line":306,"column":8},"end":{"line":306,"column":8},"skip":true}]},"26":{"line":310,"type":"if","locations":[{"start":{"line":310,"column":8},"end":{"line":310,"column":8},"skip":true},{"start":{"line":310,"column":8},"end":{"line":310,"column":8},"skip":true}]},"27":{"line":313,"type":"binary-expr","locations":[{"start":{"line":313,"column":27},"end":{"line":313,"column":43},"skip":true},{"start":{"line":313,"column":47},"end":{"line":313,"column":53},"skip":true}]},"28":{"line":317,"type":"if","locations":[{"start":{"line":317,"column":12},"end":{"line":317,"column":12},"skip":true},{"start":{"line":317,"column":12},"end":{"line":317,"column":12},"skip":true}]}},"code":["/*","example.js","","quickstart example","","instruction","    1. save this script as example.js","    2. run the shell command:","        $ npm install npmtest-remap-istanbul && PORT=8081 node example.js","    3. play with the browser-demo on http://127.0.0.1:8081","*/","","","","/* istanbul instrument in package npmtest_remap_istanbul */","/*jslint","    bitwise: true,","    browser: true,","    maxerr: 8,","    maxlen: 96,","    node: true,","    nomen: true,","    regexp: true,","    stupid: true","*/","(function () {","    'use strict';","    var local;","","","","    // run shared js-env code - pre-init","    (function () {","        // init local","        local = {};","        // init modeJs","        local.modeJs = (function () {","            try {","                return typeof navigator.userAgent === 'string' &&","                    typeof document.querySelector('body') === 'object' &&","                    typeof XMLHttpRequest.prototype.open === 'function' &&","                    'browser';","            } catch (errorCaughtBrowser) {","                return module.exports &&","                    typeof process.versions.node === 'string' &&","                    typeof require('http').createServer === 'function' &&","                    'node';","            }","        }());","        // init global","        local.global = local.modeJs === 'browser'","            ? window","            : global;","        // init utility2_rollup","        local = local.global.utility2_rollup || (local.modeJs === 'browser'","            ? local.global.utility2_npmtest_remap_istanbul","            : global.utility2_moduleExports);","        // export local","        local.global.local = local;","    }());","    switch (local.modeJs) {","","","","    // post-init","    // run browser js-env code - post-init","    /* istanbul ignore next */","    case 'browser':","        local.testRunBrowser = function (event) {","            if (!event || (event &&","                    event.currentTarget &&","                    event.currentTarget.className &&","                    event.currentTarget.className.includes &&","                    event.currentTarget.className.includes('onreset'))) {","                // reset output","                Array.from(","                    document.querySelectorAll('body > .resettable')","                ).forEach(function (element) {","                    switch (element.tagName) {","                    case 'INPUT':","                    case 'TEXTAREA':","                        element.value = '';","                        break;","                    default:","                        element.textContent = '';","                    }","                });","            }","            switch (event && event.currentTarget && event.currentTarget.id) {","            case 'testRunButton1':","                // show tests","                if (document.querySelector('#testReportDiv1').style.display === 'none') {","                    document.querySelector('#testReportDiv1').style.display = 'block';","                    document.querySelector('#testRunButton1').textContent =","                        'hide internal test';","                    local.modeTest = true;","                    local.testRunDefault(local);","                // hide tests","                } else {","                    document.querySelector('#testReportDiv1').style.display = 'none';","                    document.querySelector('#testRunButton1').textContent = 'run internal test';","                }","                break;","            // custom-case","            default:","                break;","            }","            if (document.querySelector('#inputTextareaEval1') && (!event || (event &&","                    event.currentTarget &&","                    event.currentTarget.className &&","                    event.currentTarget.className.includes &&","                    event.currentTarget.className.includes('oneval')))) {","                // try to eval input-code","                try {","                    /*jslint evil: true*/","                    eval(document.querySelector('#inputTextareaEval1').value);","                } catch (errorCaught) {","                    console.error(errorCaught);","                }","            }","        };","        // log stderr and stdout to #outputTextareaStdout1","        ['error', 'log'].forEach(function (key) {","            console[key + '_original'] = console[key];","            console[key] = function () {","                var element;","                console[key + '_original'].apply(console, arguments);","                element = document.querySelector('#outputTextareaStdout1');","                if (!element) {","                    return;","                }","                // append text to #outputTextareaStdout1","                element.value += Array.from(arguments).map(function (arg) {","                    return typeof arg === 'string'","                        ? arg","                        : JSON.stringify(arg, null, 4);","                }).join(' ') + '\\n';","                // scroll textarea to bottom","                element.scrollTop = element.scrollHeight;","            };","        });","        // init event-handling","        ['change', 'click', 'keyup'].forEach(function (event) {","            Array.from(document.querySelectorAll('.on' + event)).forEach(function (element) {","                element.addEventListener(event, local.testRunBrowser);","            });","        });","        // run tests","        local.testRunBrowser();","        break;","","","","    // run node js-env code - post-init","    /* istanbul ignore next */","    case 'node':","        // export local","        module.exports = local;","        // require modules","        local.fs = require('fs');","        local.http = require('http');","        local.url = require('url');","        // init assets","        local.assetsDict = local.assetsDict || {};","        /* jslint-ignore-begin */","        local.assetsDict['/assets.index.template.html'] = '\\","<!doctype html>\\n\\","<html lang=\"en\">\\n\\","<head>\\n\\","<meta charset=\"UTF-8\">\\n\\","<meta name=\"viewport\" content=\"width=device-width, initial-scale=1\">\\n\\","<title>{{env.npm_package_name}} (v{{env.npm_package_version}})</title>\\n\\","<style>\\n\\","/*csslint\\n\\","    box-sizing: false,\\n\\","    universal-selector: false\\n\\","*/\\n\\","* {\\n\\","    box-sizing: border-box;\\n\\","}\\n\\","body {\\n\\","    background: #dde;\\n\\","    font-family: Arial, Helvetica, sans-serif;\\n\\","    margin: 2rem;\\n\\","}\\n\\","body > * {\\n\\","    margin-bottom: 1rem;\\n\\","}\\n\\",".utility2FooterDiv {\\n\\","    margin-top: 20px;\\n\\","    text-align: center;\\n\\","}\\n\\","</style>\\n\\","<style>\\n\\","/*csslint\\n\\","*/\\n\\","textarea {\\n\\","    font-family: monospace;\\n\\","    height: 10rem;\\n\\","    width: 100%;\\n\\","}\\n\\","textarea[readonly] {\\n\\","    background: #ddd;\\n\\","}\\n\\","</style>\\n\\","</head>\\n\\","<body>\\n\\","<!-- utility2-comment\\n\\","<div id=\"ajaxProgressDiv1\" style=\"background: #d00; height: 2px; left: 0; margin: 0; padding: 0; position: fixed; top: 0; transition: background 0.5s, width 1.5s; width: 25%;\"></div>\\n\\","utility2-comment -->\\n\\","<h1>\\n\\","<!-- utility2-comment\\n\\","    <a\\n\\","        {{#if env.npm_package_homepage}}\\n\\","        href=\"{{env.npm_package_homepage}}\"\\n\\","        {{/if env.npm_package_homepage}}\\n\\","        target=\"_blank\"\\n\\","    >\\n\\","utility2-comment -->\\n\\","        {{env.npm_package_name}} (v{{env.npm_package_version}})\\n\\","<!-- utility2-comment\\n\\","    </a>\\n\\","utility2-comment -->\\n\\","</h1>\\n\\","<h3>{{env.npm_package_description}}</h3>\\n\\","<!-- utility2-comment\\n\\","<h4><a download href=\"assets.app.js\">download standalone app</a></h4>\\n\\","<button class=\"onclick onreset\" id=\"testRunButton1\">run internal test</button><br>\\n\\","<div id=\"testReportDiv1\" style=\"display: none;\"></div>\\n\\","utility2-comment -->\\n\\","\\n\\","\\n\\","\\n\\","<label>stderr and stdout</label>\\n\\","<textarea class=\"resettable\" id=\"outputTextareaStdout1\" readonly></textarea>\\n\\","<!-- utility2-comment\\n\\","{{#if isRollup}}\\n\\","<script src=\"assets.app.js\"></script>\\n\\","{{#unless isRollup}}\\n\\","utility2-comment -->\\n\\","<script src=\"assets.utility2.rollup.js\"></script>\\n\\","<script src=\"jsonp.utility2._stateInit?callback=window.utility2._stateInit\"></script>\\n\\","<script src=\"assets.npmtest_remap_istanbul.rollup.js\"></script>\\n\\","<script src=\"assets.example.js\"></script>\\n\\","<script src=\"assets.test.js\"></script>\\n\\","<!-- utility2-comment\\n\\","{{/if isRollup}}\\n\\","utility2-comment -->\\n\\","<div class=\"utility2FooterDiv\">\\n\\","    [ this app was created with\\n\\","    <a href=\"https://github.com/kaizhu256/node-utility2\" target=\"_blank\">utility2</a>\\n\\","    ]\\n\\","</div>\\n\\","</body>\\n\\","</html>\\n\\","';","        /* jslint-ignore-end */","        if (local.templateRender) {","            local.assetsDict['/'] = local.templateRender(","                local.assetsDict['/assets.index.template.html'],","                {","                    env: local.objectSetDefault(local.env, {","                        npm_package_description: 'the greatest app in the world!',","                        npm_package_name: 'my-app',","                        npm_package_nameAlias: 'my_app',","                        npm_package_version: '0.0.1'","                    })","                }","            );","        } else {","            local.assetsDict['/'] = local.assetsDict['/assets.index.template.html']","                .replace((/\\{\\{env\\.(\\w+?)\\}\\}/g), function (match0, match1) {","                    // jslint-hack","                    String(match0);","                    switch (match1) {","                    case 'npm_package_description':","                        return 'the greatest app in the world!';","                    case 'npm_package_name':","                        return 'my-app';","                    case 'npm_package_nameAlias':","                        return 'my_app';","                    case 'npm_package_version':","                        return '0.0.1';","                    }","                });","        }","        // run the cli","        if (local.global.utility2_rollup || module !== require.main) {","            break;","        }","        local.assetsDict['/assets.example.js'] =","            local.assetsDict['/assets.example.js'] ||","            local.fs.readFileSync(__filename, 'utf8');","        // bug-workaround - long $npm_package_buildCustomOrg","        /* jslint-ignore-begin */","        local.assetsDict['/assets.npmtest_remap_istanbul.rollup.js'] =","            local.assetsDict['/assets.npmtest_remap_istanbul.rollup.js'] ||","            local.fs.readFileSync(","                local.npmtest_remap_istanbul.__dirname + '/lib.npmtest_remap_istanbul.js',","                'utf8'","            ).replace((/^#!/), '//');","        /* jslint-ignore-end */","        local.assetsDict['/favicon.ico'] = local.assetsDict['/favicon.ico'] || '';","        // if $npm_config_timeout_exit exists,","        // then exit this process after $npm_config_timeout_exit ms","        if (Number(process.env.npm_config_timeout_exit)) {","            setTimeout(process.exit, Number(process.env.npm_config_timeout_exit));","        }","        // start server","        if (local.global.utility2_serverHttp1) {","            break;","        }","        process.env.PORT = process.env.PORT || '8081';","        console.error('server starting on port ' + process.env.PORT);","        local.http.createServer(function (request, response) {","            request.urlParsed = local.url.parse(request.url);","            if (local.assetsDict[request.urlParsed.pathname] !== undefined) {","                response.end(local.assetsDict[request.urlParsed.pathname]);","                return;","            }","            response.statusCode = 404;","            response.end();","        }).listen(process.env.PORT);","        break;","    }","}());",""],"l":{"26":2,"28":2,"33":2,"35":2,"37":2,"38":2,"39":2,"44":1,"51":2,"55":2,"59":2,"61":2,"69":1,"70":2,"76":2,"79":2,"82":2,"83":2,"85":1,"89":2,"92":1,"93":1,"94":1,"96":1,"97":1,"100":1,"101":1,"103":1,"106":1,"108":2,"114":1,"116":1,"118":1,"123":1,"124":2,"125":2,"126":3,"127":3,"128":3,"129":3,"130":1,"133":3,"134":3,"139":3,"143":1,"144":3,"145":1,"149":1,"150":1,"158":1,"160":1,"161":1,"162":1,"164":1,"166":1,"258":1,"259":1,"271":1,"274":6,"275":6,"277":1,"279":2,"281":1,"283":2,"288":1,"289":1,"291":1,"296":1,"303":1,"306":1,"307":1,"310":1,"311":1,"313":1,"314":1,"315":1,"316":1,"317":1,"318":1,"319":1,"321":1,"322":1,"324":1}},"/home/travis/build/npmtest/node-npmtest-remap-istanbul/node_modules/remap-istanbul/lib/main.js":{"path":"/home/travis/build/npmtest/node-npmtest-remap-istanbul/node_modules/remap-istanbul/lib/main.js","s":{"1":1,"2":1,"3":1,"4":1,"5":1,"6":0,"7":0,"8":0,"9":0,"10":0,"11":0,"12":1,"13":1,"14":1,"15":1,"16":1,"17":4,"18":1,"19":1,"20":1,"21":1,"22":1,"23":1,"24":1},"b":{"1":[0,0],"2":[0,0],"3":[0,4],"4":[4,4],"5":[1,0]},"f":{"1":1,"2":1,"3":0,"4":0,"5":4},"fnMap":{"1":{"name":"(anonymous_1)","line":1,"loc":{"start":{"line":1,"column":1},"end":{"line":1,"column":19}}},"2":{"name":"(anonymous_2)","line":2,"loc":{"start":{"line":2,"column":120},"end":{"line":2,"column":196}}},"3":{"name":"(anonymous_3)","line":10,"loc":{"start":{"line":10,"column":20},"end":{"line":10,"column":63}}},"4":{"name":"(anonymous_4)","line":20,"loc":{"start":{"line":20,"column":47},"end":{"line":20,"column":69}}},"5":{"name":"_interopRequireDefault","line":33,"loc":{"start":{"line":33,"column":2},"end":{"line":33,"column":39}}}},"statementMap":{"1":{"start":{"line":1,"column":0},"end":{"line":61,"column":72}},"2":{"start":{"line":2,"column":1},"end":{"line":60,"column":4}},"3":{"start":{"line":5,"column":2},"end":{"line":7,"column":5}},"4":{"start":{"line":8,"column":2},"end":{"line":8,"column":73}},"5":{"start":{"line":10,"column":2},"end":{"line":23,"column":4}},"6":{"start":{"line":11,"column":3},"end":{"line":11,"column":44}},"7":{"start":{"line":12,"column":3},"end":{"line":14,"column":6}},"8":{"start":{"line":16,"column":3},"end":{"line":18,"column":4}},"9":{"start":{"line":17,"column":4},"end":{"line":17,"column":28}},"10":{"start":{"line":20,"column":3},"end":{"line":22,"column":7}},"11":{"start":{"line":21,"column":4},"end":{"line":21,"column":116}},"12":{"start":{"line":25,"column":2},"end":{"line":25,"column":62}},"13":{"start":{"line":27,"column":2},"end":{"line":27,"column":48}},"14":{"start":{"line":29,"column":2},"end":{"line":29,"column":60}},"15":{"start":{"line":31,"column":2},"end":{"line":31,"column":49}},"16":{"start":{"line":33,"column":2},"end":{"line":37,"column":3}},"17":{"start":{"line":34,"column":3},"end":{"line":36,"column":5}},"18":{"start":{"line":41,"column":2},"end":{"line":41,"column":67}},"19":{"start":{"line":42,"column":2},"end":{"line":42,"column":46}},"20":{"start":{"line":43,"column":2},"end":{"line":43,"column":64}},"21":{"start":{"line":56,"column":2},"end":{"line":56,"column":38}},"22":{"start":{"line":57,"column":2},"end":{"line":57,"column":56}},"23":{"start":{"line":58,"column":2},"end":{"line":58,"column":42}},"24":{"start":{"line":59,"column":2},"end":{"line":59,"column":54}}},"branchMap":{"1":{"line":16,"type":"if","locations":[{"start":{"line":16,"column":3},"end":{"line":16,"column":3}},{"start":{"line":16,"column":3},"end":{"line":16,"column":3}}]},"2":{"line":21,"type":"binary-expr","locations":[{"start":{"line":21,"column":61},"end":{"line":21,"column":74}},{"start":{"line":21,"column":78},"end":{"line":21,"column":80}}]},"3":{"line":34,"type":"cond-expr","locations":[{"start":{"line":34,"column":34},"end":{"line":34,"column":37}},{"start":{"line":34,"column":40},"end":{"line":36,"column":4}}]},"4":{"line":34,"type":"binary-expr","locations":[{"start":{"line":34,"column":10},"end":{"line":34,"column":13}},{"start":{"line":34,"column":17},"end":{"line":34,"column":31}}]},"5":{"line":61,"type":"cond-expr","locations":[{"start":{"line":61,"column":34},"end":{"line":61,"column":61}},{"start":{"line":61,"column":64},"end":{"line":61,"column":70}}]}},"code":["(function (define) {","\tdefine(['module', 'exports', './loadCoverage', './remap', './writeReport', '../utils/node!istanbul/lib/store/memory'], function (module, exports, _loadCoverage2, _remap2, _writeReport2, _memory) {","\t\t'use strict';","","\t\tObject.defineProperty(exports, \"__esModule\", {","\t\t\tvalue: true","\t\t});","\t\texports.writeReport = exports.remap = exports.loadCoverage = undefined;","","\t\texports.default = function (sources, reports, reportOptions) {","\t\t\tvar sourceStore = new _memory2.default();","\t\t\tvar collector = (0, _remap3.default)((0, _loadCoverage3.default)(sources), {","\t\t\t\tsources: sourceStore","\t\t\t});","","\t\t\tif (!Object.keys(sourceStore.map).length) {","\t\t\t\tsourceStore = undefined;","\t\t\t}","","\t\t\treturn Promise.all(Object.keys(reports).map(function (reportType) {","\t\t\t\treturn (0, _writeReport3.default)(collector, reportType, reportOptions || {}, reports[reportType], sourceStore);","\t\t\t}));","\t\t};","","\t\tvar _loadCoverage3 = _interopRequireDefault(_loadCoverage2);","","\t\tvar _remap3 = _interopRequireDefault(_remap2);","","\t\tvar _writeReport3 = _interopRequireDefault(_writeReport2);","","\t\tvar _memory2 = _interopRequireDefault(_memory);","","\t\tfunction _interopRequireDefault(obj) {","\t\t\treturn obj && obj.__esModule ? obj : {","\t\t\t\tdefault: obj","\t\t\t};","\t\t}","","\t\t/* jshint node:true */","\t\t/* global Promise */","\t\tvar loadCoverage = exports.loadCoverage = _loadCoverage3.default;","\t\tvar remap = exports.remap = _remap3.default;","\t\tvar writeReport = exports.writeReport = _writeReport3.default;","","\t\t/**","   * The basic API for utilising remap-istanbul","   * @param  {Array|string} sources The sources that could be consumed and remapped.","   *                                For muliple sources to be combined together, provide","   *                                an array of strings.","   * @param  {Object} reports An object where each key is the report type required and the value","   *                          is the destination for the report.","   * @param  {Object} reportOptions? An object containing the report options.","   * @return {Promise}         A promise that will resolve when all the reports are written.","   */","\t\t;","\t\tmodule.exports = exports['default'];","\t\tmodule.exports.loadCoverage = exports['loadCoverage'];","\t\tmodule.exports.remap = exports['remap'];","\t\tmodule.exports.writeReport = exports['writeReport'];","\t});","})(typeof define !== 'function' ? require('amdefine')(module) : define);","//# sourceMappingURL=main.js.map"],"l":{"1":1,"2":1,"5":1,"8":1,"10":1,"11":0,"12":0,"16":0,"17":0,"20":0,"21":0,"25":1,"27":1,"29":1,"31":1,"33":1,"34":4,"41":1,"42":1,"43":1,"56":1,"57":1,"58":1,"59":1}},"/home/travis/build/npmtest/node-npmtest-remap-istanbul/node_modules/remap-istanbul/lib/loadCoverage.js":{"path":"/home/travis/build/npmtest/node-npmtest-remap-istanbul/node_modules/remap-istanbul/lib/loadCoverage.js","s":{"1":1,"2":1,"3":1,"4":1,"5":1,"6":1,"7":1,"8":1,"9":0,"10":0,"11":0,"12":0,"13":0,"14":0,"15":0,"16":0,"17":0,"18":0,"19":0,"20":0,"21":0,"22":0,"23":0,"24":1},"b":{"1":[0,1],"2":[1,1],"3":[0,0],"4":[0,0],"5":[0,0],"6":[0,0],"7":[0,0],"8":[0,0],"9":[0,0],"10":[1,0]},"f":{"1":1,"2":1,"3":1,"4":0,"5":0,"6":0},"fnMap":{"1":{"name":"(anonymous_1)","line":1,"loc":{"start":{"line":1,"column":1},"end":{"line":1,"column":19}}},"2":{"name":"(anonymous_2)","line":2,"loc":{"start":{"line":2,"column":63},"end":{"line":2,"column":110}}},"3":{"name":"_interopRequireDefault","line":12,"loc":{"start":{"line":12,"column":2},"end":{"line":12,"column":39}}},"4":{"name":"loadCoverage","line":27,"loc":{"start":{"line":27,"column":2},"end":{"line":27,"column":33}}},"5":{"name":"(anonymous_5)","line":32,"loc":{"start":{"line":32,"column":38},"end":{"line":32,"column":58}}},"6":{"name":"(anonymous_6)","line":47,"loc":{"start":{"line":47,"column":19},"end":{"line":47,"column":39}}}},"statementMap":{"1":{"start":{"line":1,"column":0},"end":{"line":55,"column":72}},"2":{"start":{"line":2,"column":1},"end":{"line":54,"column":4}},"3":{"start":{"line":5,"column":2},"end":{"line":7,"column":5}},"4":{"start":{"line":8,"column":2},"end":{"line":8,"column":33}},"5":{"start":{"line":10,"column":2},"end":{"line":10,"column":41}},"6":{"start":{"line":12,"column":2},"end":{"line":16,"column":3}},"7":{"start":{"line":13,"column":3},"end":{"line":15,"column":5}},"8":{"start":{"line":27,"column":2},"end":{"line":52,"column":3}},"9":{"start":{"line":28,"column":3},"end":{"line":28,"column":88}},"10":{"start":{"line":30,"column":3},"end":{"line":30,"column":43}},"11":{"start":{"line":32,"column":3},"end":{"line":38,"column":5}},"12":{"start":{"line":33,"column":4},"end":{"line":36,"column":5}},"13":{"start":{"line":34,"column":5},"end":{"line":34,"column":61}},"14":{"start":{"line":35,"column":5},"end":{"line":35,"column":15}},"15":{"start":{"line":37,"column":4},"end":{"line":37,"column":59}},"16":{"start":{"line":40,"column":3},"end":{"line":42,"column":4}},"17":{"start":{"line":41,"column":4},"end":{"line":41,"column":24}},"18":{"start":{"line":43,"column":3},"end":{"line":45,"column":4}},"19":{"start":{"line":44,"column":4},"end":{"line":44,"column":57}},"20":{"start":{"line":46,"column":3},"end":{"line":46,"column":49}},"21":{"start":{"line":47,"column":3},"end":{"line":49,"column":6}},"22":{"start":{"line":48,"column":4},"end":{"line":48,"column":38}},"23":{"start":{"line":51,"column":3},"end":{"line":51,"column":39}},"24":{"start":{"line":53,"column":2},"end":{"line":53,"column":38}}},"branchMap":{"1":{"line":13,"type":"cond-expr","locations":[{"start":{"line":13,"column":34},"end":{"line":13,"column":37}},{"start":{"line":13,"column":40},"end":{"line":15,"column":4}}]},"2":{"line":13,"type":"binary-expr","locations":[{"start":{"line":13,"column":10},"end":{"line":13,"column":13}},{"start":{"line":13,"column":17},"end":{"line":13,"column":31}}]},"3":{"line":28,"type":"cond-expr","locations":[{"start":{"line":28,"column":70},"end":{"line":28,"column":82}},{"start":{"line":28,"column":85},"end":{"line":28,"column":87}}]},"4":{"line":28,"type":"binary-expr","locations":[{"start":{"line":28,"column":17},"end":{"line":28,"column":37}},{"start":{"line":28,"column":41},"end":{"line":28,"column":67}}]},"5":{"line":30,"type":"binary-expr","locations":[{"start":{"line":30,"column":14},"end":{"line":30,"column":26}},{"start":{"line":30,"column":30},"end":{"line":30,"column":42}}]},"6":{"line":32,"type":"binary-expr","locations":[{"start":{"line":32,"column":18},"end":{"line":32,"column":34}},{"start":{"line":32,"column":38},"end":{"line":38,"column":4}}]},"7":{"line":33,"type":"if","locations":[{"start":{"line":33,"column":4},"end":{"line":33,"column":4}},{"start":{"line":33,"column":4},"end":{"line":33,"column":4}}]},"8":{"line":40,"type":"if","locations":[{"start":{"line":40,"column":3},"end":{"line":40,"column":3}},{"start":{"line":40,"column":3},"end":{"line":40,"column":3}}]},"9":{"line":43,"type":"if","locations":[{"start":{"line":43,"column":3},"end":{"line":43,"column":3}},{"start":{"line":43,"column":3},"end":{"line":43,"column":3}}]},"10":{"line":55,"type":"cond-expr","locations":[{"start":{"line":55,"column":34},"end":{"line":55,"column":61}},{"start":{"line":55,"column":64},"end":{"line":55,"column":70}}]}},"code":["(function (define) {","\tdefine(['module', 'exports', '../utils/node!istanbul', 'fs'], function (module, exports, _nodeIstanbul, _fs) {","\t\t'use strict';","","\t\tObject.defineProperty(exports, \"__esModule\", {","\t\t\tvalue: true","\t\t});","\t\texports.default = loadCoverage;","","\t\tvar _fs2 = _interopRequireDefault(_fs);","","\t\tfunction _interopRequireDefault(obj) {","\t\t\treturn obj && obj.__esModule ? obj : {","\t\t\t\tdefault: obj","\t\t\t};","\t\t}","","\t\t/**","   * Takes sources of coverage information and adds them to a collector which then can be subsequently","   * remapped.","   * @param  {Array|string}           sources  The source(s) of the JSON coverage information","   * @param  {Object}                 options? A hash of options that can be set:","   *                                               readJSON?: A function that can read and parse a JSON file","   *                                               warn?: A function that logs warning messages","   * @return {Object}                          The loaded coverage object","   */","\t\tfunction loadCoverage(sources) {","\t\t\tvar options = arguments.length > 1 && arguments[1] !== undefined ? arguments[1] : {};","","\t\t\tvar warn = options.warn || console.warn;","","\t\t\tvar readJSON = options.readJSON || function (filePath) {","\t\t\t\tif (!_fs2.default.existsSync(filePath)) {","\t\t\t\t\twarn(new Error('Cannot find file: \"' + filePath + '\"'));","\t\t\t\t\treturn {};","\t\t\t\t}","\t\t\t\treturn JSON.parse(_fs2.default.readFileSync(filePath));","\t\t\t};","","\t\t\tif (typeof sources === 'string') {","\t\t\t\tsources = [sources];","\t\t\t}","\t\t\tif (!sources.length) {","\t\t\t\twarn(new SyntaxError('No coverage files supplied!'));","\t\t\t}","\t\t\tvar collector = new _nodeIstanbul.Collector();","\t\t\tsources.forEach(function (filePath) {","\t\t\t\tcollector.add(readJSON(filePath));","\t\t\t});","","\t\t\treturn collector.getFinalCoverage();","\t\t};","\t\tmodule.exports = exports['default'];","\t});","})(typeof define !== 'function' ? require('amdefine')(module) : define);","//# sourceMappingURL=loadCoverage.js.map"],"l":{"1":1,"2":1,"5":1,"8":1,"10":1,"12":1,"13":1,"27":1,"28":0,"30":0,"32":0,"33":0,"34":0,"35":0,"37":0,"40":0,"41":0,"43":0,"44":0,"46":0,"47":0,"48":0,"51":0,"53":1}},"/home/travis/build/npmtest/node-npmtest-remap-istanbul/node_modules/remap-istanbul/utils/node.js":{"path":"/home/travis/build/npmtest/node-npmtest-remap-istanbul/node_modules/remap-istanbul/utils/node.js","s":{"1":1,"2":1,"3":1,"4":1,"5":1,"6":1,"7":1,"8":1,"9":15,"10":5,"11":5,"12":5,"13":15,"14":15,"15":15,"16":15,"17":15,"18":15,"19":15,"20":1,"21":1,"22":15,"23":0,"24":15,"25":1},"b":{"1":[1,0],"2":[1,1,1],"3":[5,10],"4":[15,5,5],"5":[5,0],"6":[0,15]},"f":{"1":1,"2":1,"3":15,"4":15},"fnMap":{"1":{"name":"(anonymous_1)","line":5,"loc":{"start":{"line":5,"column":31},"end":{"line":5,"column":62}}},"2":{"name":"(anonymous_2)","line":6,"loc":{"start":{"line":6,"column":15},"end":{"line":6,"column":27}}},"3":{"name":"load","line":11,"loc":{"start":{"line":11,"column":1},"end":{"line":11,"column":39}}},"4":{"name":"normalize","line":30,"loc":{"start":{"line":30,"column":1},"end":{"line":30,"column":28}}}},"statementMap":{"1":{"start":{"line":4,"column":0},"end":{"line":4,"column":106}},"2":{"start":{"line":4,"column":63},"end":{"line":4,"column":104},"skip":true},"3":{"start":{"line":5,"column":0},"end":{"line":37,"column":3}},"4":{"start":{"line":6,"column":1},"end":{"line":8,"column":6}},"5":{"start":{"line":7,"column":2},"end":{"line":7,"column":14}},"6":{"start":{"line":9,"column":1},"end":{"line":9,"column":75}},"7":{"start":{"line":10,"column":1},"end":{"line":10,"column":36}},"8":{"start":{"line":11,"column":1},"end":{"line":28,"column":2}},"9":{"start":{"line":12,"column":2},"end":{"line":17,"column":3}},"10":{"start":{"line":13,"column":3},"end":{"line":13,"column":98}},"11":{"start":{"line":14,"column":3},"end":{"line":16,"column":4}},"12":{"start":{"line":15,"column":4},"end":{"line":15,"column":25}},"13":{"start":{"line":18,"column":2},"end":{"line":18,"column":32}},"14":{"start":{"line":19,"column":2},"end":{"line":19,"column":13}},"15":{"start":{"line":20,"column":2},"end":{"line":20,"column":28}},"16":{"start":{"line":21,"column":2},"end":{"line":26,"column":3}},"17":{"start":{"line":22,"column":3},"end":{"line":22,"column":28}},"18":{"start":{"line":25,"column":3},"end":{"line":25,"column":29}},"19":{"start":{"line":27,"column":2},"end":{"line":27,"column":13}},"20":{"start":{"line":29,"column":1},"end":{"line":29,"column":21}},"21":{"start":{"line":30,"column":1},"end":{"line":35,"column":2}},"22":{"start":{"line":31,"column":2},"end":{"line":33,"column":3}},"23":{"start":{"line":32,"column":3},"end":{"line":32,"column":40}},"24":{"start":{"line":34,"column":2},"end":{"line":34,"column":12}},"25":{"start":{"line":36,"column":1},"end":{"line":36,"column":31}}},"branchMap":{"1":{"line":4,"type":"if","locations":[{"start":{"line":4,"column":0},"end":{"line":4,"column":0}},{"start":{"line":4,"column":0},"end":{"line":4,"column":0}}]},"2":{"line":9,"type":"binary-expr","locations":[{"start":{"line":9,"column":19},"end":{"line":9,"column":33}},{"start":{"line":9,"column":37},"end":{"line":9,"column":63}},{"start":{"line":9,"column":67},"end":{"line":9,"column":74}}]},"3":{"line":12,"type":"if","locations":[{"start":{"line":12,"column":2},"end":{"line":12,"column":2}},{"start":{"line":12,"column":2},"end":{"line":12,"column":2}}]},"4":{"line":12,"type":"binary-expr","locations":[{"start":{"line":12,"column":7},"end":{"line":12,"column":27}},{"start":{"line":12,"column":32},"end":{"line":12,"column":48}},{"start":{"line":12,"column":52},"end":{"line":12,"column":75}}]},"5":{"line":14,"type":"if","locations":[{"start":{"line":14,"column":3},"end":{"line":14,"column":3}},{"start":{"line":14,"column":3},"end":{"line":14,"column":3}}]},"6":{"line":31,"type":"if","locations":[{"start":{"line":31,"column":2},"end":{"line":31,"column":2}},{"start":{"line":31,"column":2},"end":{"line":31,"column":2}}]}},"code":["/* jshint node:true */","/* global define:true */","/*jshint -W079 */","if (typeof define !== 'function') { /* istanbul ignore next */ var define = require('amdefine')(module); }","define(['require', 'exports'], function (amdRequire, exports) {","\tvar global = (function () {","\t\treturn this;","\t})();","\tvar nodeRequire = global.require && global.require.nodeRequire || require;","\tvar module = nodeRequire('module');","\tfunction load(id, contextRequire, fn) {","\t\tif ((id.indexOf('/') > -1) && module._findPath && module._nodeModulePaths) {","\t\t\tvar localModulePath = module._findPath(id, module._nodeModulePaths(contextRequire.toUrl('.')));","\t\t\tif (localModulePath !== false) {","\t\t\t\tid = localModulePath;","\t\t\t}","\t\t}","\t\tvar oldDefine = global.define;","\t\tvar result;","\t\tglobal.define = undefined;","\t\ttry {","\t\t\tresult = nodeRequire(id);","\t\t}","\t\tfinally {","\t\t\tglobal.define = oldDefine;","\t\t}","\t\tfn(result);","\t}","\texports.load = load;","\tfunction normalize(id, fn) {","\t\tif (id.charAt(0) === '.') {","\t\t\tid = amdRequire.toUrl(fn('./' + id));","\t\t}","\t\treturn id;","\t}","\texports.normalize = normalize;","});",""],"l":{"4":1,"5":1,"6":1,"7":1,"9":1,"10":1,"11":1,"12":15,"13":5,"14":5,"15":5,"18":15,"19":15,"20":15,"21":15,"22":15,"25":15,"27":15,"29":1,"30":1,"31":15,"32":0,"34":15,"36":1}},"/home/travis/build/npmtest/node-npmtest-remap-istanbul/node_modules/remap-istanbul/lib/remap.js":{"path":"/home/travis/build/npmtest/node-npmtest-remap-istanbul/node_modules/remap-istanbul/lib/remap.js","s":{"1":1,"2":1,"3":1,"4":1,"5":1,"6":1,"7":1,"8":1,"9":0,"10":0,"11":0,"12":0,"13":0,"14":0,"15":0,"16":1},"b":{"1":[0,1],"2":[1,1],"3":[0,0],"4":[0,0],"5":[0,0],"6":[1,0]},"f":{"1":1,"2":1,"3":1,"4":0,"5":0},"fnMap":{"1":{"name":"(anonymous_1)","line":1,"loc":{"start":{"line":1,"column":1},"end":{"line":1,"column":19}}},"2":{"name":"(anonymous_2)","line":2,"loc":{"start":{"line":2,"column":57},"end":{"line":2,"column":106}}},"3":{"name":"_interopRequireDefault","line":12,"loc":{"start":{"line":12,"column":4},"end":{"line":12,"column":41}}},"4":{"name":"remap","line":41,"loc":{"start":{"line":41,"column":4},"end":{"line":41,"column":29}}},"5":{"name":"(anonymous_5)","line":50,"loc":{"start":{"line":50,"column":23},"end":{"line":50,"column":39}}}},"statementMap":{"1":{"start":{"line":1,"column":0},"end":{"line":58,"column":72}},"2":{"start":{"line":2,"column":2},"end":{"line":57,"column":5}},"3":{"start":{"line":5,"column":4},"end":{"line":7,"column":7}},"4":{"start":{"line":8,"column":4},"end":{"line":8,"column":28}},"5":{"start":{"line":10,"column":4},"end":{"line":10,"column":77}},"6":{"start":{"line":12,"column":4},"end":{"line":16,"column":5}},"7":{"start":{"line":13,"column":6},"end":{"line":15,"column":8}},"8":{"start":{"line":41,"column":4},"end":{"line":55,"column":5}},"9":{"start":{"line":42,"column":6},"end":{"line":42,"column":91}},"10":{"start":{"line":44,"column":6},"end":{"line":44,"column":59}},"11":{"start":{"line":46,"column":6},"end":{"line":48,"column":7}},"12":{"start":{"line":47,"column":8},"end":{"line":47,"column":30}},"13":{"start":{"line":50,"column":6},"end":{"line":52,"column":9}},"14":{"start":{"line":51,"column":8},"end":{"line":51,"column":30}},"15":{"start":{"line":54,"column":6},"end":{"line":54,"column":36}},"16":{"start":{"line":56,"column":4},"end":{"line":56,"column":40}}},"branchMap":{"1":{"line":13,"type":"cond-expr","locations":[{"start":{"line":13,"column":37},"end":{"line":13,"column":40}},{"start":{"line":13,"column":43},"end":{"line":15,"column":7}}]},"2":{"line":13,"type":"binary-expr","locations":[{"start":{"line":13,"column":13},"end":{"line":13,"column":16}},{"start":{"line":13,"column":20},"end":{"line":13,"column":34}}]},"3":{"line":42,"type":"cond-expr","locations":[{"start":{"line":42,"column":73},"end":{"line":42,"column":85}},{"start":{"line":42,"column":88},"end":{"line":42,"column":90}}]},"4":{"line":42,"type":"binary-expr","locations":[{"start":{"line":42,"column":20},"end":{"line":42,"column":40}},{"start":{"line":42,"column":44},"end":{"line":42,"column":70}}]},"5":{"line":46,"type":"if","locations":[{"start":{"line":46,"column":6},"end":{"line":46,"column":6}},{"start":{"line":46,"column":6},"end":{"line":46,"column":6}}]},"6":{"line":58,"type":"cond-expr","locations":[{"start":{"line":58,"column":34},"end":{"line":58,"column":61}},{"start":{"line":58,"column":64},"end":{"line":58,"column":70}}]}},"code":["(function (define) {","  define(['module', 'exports', './CoverageTransformer'], function (module, exports, _CoverageTransformer) {","    'use strict';","","    Object.defineProperty(exports, \"__esModule\", {","      value: true","    });","    exports.default = remap;","","    var _CoverageTransformer2 = _interopRequireDefault(_CoverageTransformer);","","    function _interopRequireDefault(obj) {","      return obj && obj.__esModule ? obj : {","        default: obj","      };","    }","","    /**","     * Remaps coverage data based on the source maps it discovers in the","     * covered files and returns a coverage Collector that contains the remappped","     * data.","     * @param  {Array|Object} coverage The coverage (or array of coverages) that need to be","     *                                 remapped","     * @param  {Object} options A configuration object:","     *                              basePath?    - a string containing to utilise as the base path","     *                                             for determining the location of the source file","     *                              exclude?     - a string or Regular Expression that filters out","     *                                             any coverage where the file path matches","     *                              mapFileName? - a function that takes the remapped file name and","     *                                             and returns a string that should be the name in","     *                                             the final coverage","     *                              readFile?    - a function that can read a file","     *                                             syncronously","     *                              readJSON?    - a function that can read and parse a","     *                                             JSON file syncronously","     *                              sources?     - a Istanbul store where inline sources will be","     *                                             added","     *                              warn?        - a function that logs warnings","     * @return {istanbul/lib/_collector}           The remapped collector","     */","    function remap(coverage) {","      var options = arguments.length > 1 && arguments[1] !== undefined ? arguments[1] : {};","","      var smc = new _CoverageTransformer2.default(options);","","      if (!Array.isArray(coverage)) {","        coverage = [coverage];","      }","","      coverage.forEach(function (item) {","        smc.addCoverage(item);","      });","","      return smc.getFinalCoverage();","    }","    module.exports = exports['default'];","  });","})(typeof define !== 'function' ? require('amdefine')(module) : define);","//# sourceMappingURL=remap.js.map"],"l":{"1":1,"2":1,"5":1,"8":1,"10":1,"12":1,"13":1,"41":1,"42":0,"44":0,"46":0,"47":0,"50":0,"51":0,"54":0,"56":1}},"/home/travis/build/npmtest/node-npmtest-remap-istanbul/node_modules/remap-istanbul/lib/CoverageTransformer.js":{"path":"/home/travis/build/npmtest/node-npmtest-remap-istanbul/node_modules/remap-istanbul/lib/CoverageTransformer.js","s":{"1":1,"2":1,"3":1,"4":1,"5":1,"6":1,"7":1,"8":1,"9":1,"10":1,"11":6,"12":1,"13":0,"14":0,"15":0,"16":0,"17":1,"18":0,"19":0,"20":1,"21":1,"22":1,"23":3,"24":3,"25":3,"26":3,"27":3,"28":3,"29":1,"30":1,"31":1,"32":1,"33":0,"34":1,"35":1,"36":1,"37":1,"38":0,"39":0,"40":0,"41":0,"42":0,"43":0,"44":0,"45":0,"46":0,"47":0,"48":0,"49":0,"50":0,"51":0,"52":0,"53":0,"54":0,"55":0,"56":0,"57":0,"58":0,"59":0,"60":0,"61":0,"62":0,"63":0,"64":0,"65":0,"66":1,"67":0,"68":0,"69":0,"70":0,"71":0,"72":0,"73":0,"74":0,"75":0,"76":0,"77":0,"78":0,"79":0,"80":0,"81":0,"82":0,"83":0,"84":0,"85":0,"86":0,"87":0,"88":0,"89":0,"90":0,"91":0,"92":0,"93":0,"94":0,"95":0,"96":0,"97":0,"98":0,"99":0,"100":0,"101":0,"102":0,"103":0,"104":0,"105":0,"106":0,"107":0,"108":0,"109":0,"110":0,"111":0,"112":0,"113":0,"114":0,"115":0,"116":0,"117":0,"118":0,"119":0,"120":0,"121":0,"122":0,"123":0,"124":0,"125":0,"126":0,"127":0,"128":0,"129":0,"130":0,"131":0,"132":0,"133":0,"134":0,"135":0,"136":0,"137":0,"138":0,"139":0,"140":0,"141":0,"142":0,"143":0,"144":0,"145":0,"146":0,"147":0,"148":0,"149":0,"150":0,"151":0,"152":0,"153":0,"154":0,"155":0,"156":0,"157":0,"158":0,"159":0,"160":0,"161":0,"162":0,"163":0,"164":0,"165":0,"166":0,"167":0,"168":0,"169":0,"170":0,"171":0,"172":0,"173":0,"174":0,"175":0,"176":0,"177":0,"178":0,"179":0,"180":0,"181":0,"182":0,"183":1,"184":1,"185":1},"b":{"1":[0,6],"2":[6,6],"3":[0,0],"4":[0,0],"5":[3,3],"6":[3,0],"7":[1,0],"8":[0,1],"9":[0,0],"10":[0,0],"11":[0,0],"12":[0,0],"13":[0,0],"14":[0,0],"15":[0,0],"16":[0,0],"17":[0,0],"18":[0,0],"19":[0,0],"20":[0,0],"21":[0,0],"22":[0,0],"23":[0,0],"24":[0,0],"25":[0,0],"26":[0,0],"27":[0,0],"28":[0,0],"29":[0,0],"30":[0,0],"31":[0,0],"32":[0,0],"33":[0,0,0],"34":[0,0],"35":[0,0],"36":[0,0],"37":[0,0],"38":[0,0],"39":[0,0],"40":[0,0],"41":[0,0],"42":[0,0],"43":[0,0],"44":[0,0],"45":[0,0],"46":[0,0],"47":[0,0],"48":[1,0]},"f":{"1":1,"2":1,"3":6,"4":0,"5":0,"6":1,"7":1,"8":1,"9":1,"10":0,"11":0,"12":0,"13":0,"14":0,"15":0,"16":0,"17":0,"18":0,"19":0,"20":0,"21":0,"22":0,"23":0,"24":0,"25":0,"26":0,"27":0,"28":0,"29":0,"30":0},"fnMap":{"1":{"name":"(anonymous_1)","line":1,"loc":{"start":{"line":1,"column":1},"end":{"line":1,"column":19}}},"2":{"name":"(anonymous_2)","line":2,"loc":{"start":{"line":2,"column":208},"end":{"line":2,"column":355}}},"3":{"name":"_interopRequireDefault","line":21,"loc":{"start":{"line":21,"column":2},"end":{"line":21,"column":39}}},"4":{"name":"_defineProperty","line":27,"loc":{"start":{"line":27,"column":2},"end":{"line":27,"column":44}}},"5":{"name":"_classCallCheck","line":42,"loc":{"start":{"line":42,"column":2},"end":{"line":42,"column":50}}},"6":{"name":"(anonymous_6)","line":48,"loc":{"start":{"line":48,"column":21},"end":{"line":48,"column":33}}},"7":{"name":"defineProperties","line":49,"loc":{"start":{"line":49,"column":3},"end":{"line":49,"column":44}}},"8":{"name":"(anonymous_8)","line":59,"loc":{"start":{"line":59,"column":10},"end":{"line":59,"column":58}}},"9":{"name":"(anonymous_9)","line":68,"loc":{"start":{"line":68,"column":28},"end":{"line":68,"column":40}}},"10":{"name":"CoverageTransformer","line":69,"loc":{"start":{"line":69,"column":3},"end":{"line":69,"column":41}}},"11":{"name":"(anonymous_11)","line":75,"loc":{"start":{"line":75,"column":19},"end":{"line":75,"column":31}}},"12":{"name":"(anonymous_12)","line":82,"loc":{"start":{"line":82,"column":21},"end":{"line":82,"column":41}}},"13":{"name":"(anonymous_13)","line":86,"loc":{"start":{"line":86,"column":21},"end":{"line":86,"column":41}}},"14":{"name":"(anonymous_14)","line":92,"loc":{"start":{"line":92,"column":46},"end":{"line":92,"column":66}}},"15":{"name":"readJSON","line":98,"loc":{"start":{"line":98,"column":40},"end":{"line":98,"column":68}}},"16":{"name":"readFile","line":106,"loc":{"start":{"line":106,"column":40},"end":{"line":106,"column":68}}},"17":{"name":"addFileCoverage","line":121,"loc":{"start":{"line":121,"column":11},"end":{"line":121,"column":60}}},"18":{"name":"(anonymous_18)","line":184,"loc":{"start":{"line":184,"column":53},"end":{"line":184,"column":72}}},"19":{"name":"(anonymous_19)","line":212,"loc":{"start":{"line":212,"column":39},"end":{"line":212,"column":62}}},"20":{"name":"resolvePath","line":221,"loc":{"start":{"line":221,"column":23},"end":{"line":221,"column":52}}},"21":{"name":"getMappingResolved","line":230,"loc":{"start":{"line":230,"column":30},"end":{"line":230,"column":68}}},"22":{"name":"(anonymous_22)","line":237,"loc":{"start":{"line":237,"column":49},"end":{"line":237,"column":66}}},"23":{"name":"(anonymous_23)","line":248,"loc":{"start":{"line":248,"column":45},"end":{"line":248,"column":62}}},"24":{"name":"(anonymous_24)","line":259,"loc":{"start":{"line":259,"column":52},"end":{"line":259,"column":69}}},"25":{"name":"getPath","line":275,"loc":{"start":{"line":275,"column":20},"end":{"line":275,"column":47}}},"26":{"name":"addCoverage","line":290,"loc":{"start":{"line":290,"column":11},"end":{"line":290,"column":38}}},"27":{"name":"(anonymous_27)","line":293,"loc":{"start":{"line":293,"column":31},"end":{"line":293,"column":51}}},"28":{"name":"getFinalCoverage","line":300,"loc":{"start":{"line":300,"column":11},"end":{"line":300,"column":39}}},"29
[...]
tart":{"line":56,"column":5},"end":{"line":58,"column":6}},"24":{"start":{"line":57,"column":6},"end":{"line":57,"column":26}},"25":{"start":{"line":60,"column":5},"end":{"line":66,"column":6}},"26":{"start":{"line":61,"column":6},"end":{"line":61,"column":86}},"27":{"start":{"line":63,"column":6},"end":{"line":65,"column":10}},"28":{"start":{"line":64,"column":7},"end":{"line":64,"column":113}},"29":{"start":{"line":69,"column":4},"end":{"line":71,"column":25}},"30":{"start":{"line":70,"column":5},"end":{"line":70,"column":12}},"31":{"start":{"line":74,"column":2},"end":{"line":74,"column":38}}},"branchMap":{"1":{"line":19,"type":"cond-expr","locations":[{"start":{"line":19,"column":34},"end":{"line":19,"column":37}},{"start":{"line":19,"column":40},"end":{"line":21,"column":4}}]},"2":{"line":19,"type":"binary-expr","locations":[{"start":{"line":19,"column":10},"end":{"line":19,"column":13}},{"start":{"line":19,"column":17},"end":{"line":19,"column":31}}]},"3":{"line":35,"type":"if","locations":[{"start":{"line":35,"column":5},"end":{"line":35,"column":5}},{"start":{"line":35,"column":5},"end":{"line":35,"column":5}}]},"4":{"line":56,"type":"if","locations":[{"start":{"line":56,"column":5},"end":{"line":56,"column":5}},{"start":{"line":56,"column":5},"end":{"line":56,"column":5}}]},"5":{"line":60,"type":"if","locations":[{"start":{"line":60,"column":5},"end":{"line":60,"column":5}},{"start":{"line":60,"column":5},"end":{"line":60,"column":5}}]},"6":{"line":60,"type":"binary-expr","locations":[{"start":{"line":60,"column":9},"end":{"line":60,"column":18}},{"start":{"line":60,"column":22},"end":{"line":60,"column":31}}]},"7":{"line":64,"type":"binary-expr","locations":[{"start":{"line":64,"column":56},"end":{"line":64,"column":74}},{"start":{"line":64,"column":78},"end":{"line":64,"column":80}}]},"8":{"line":76,"type":"cond-expr","locations":[{"start":{"line":76,"column":34},"end":{"line":76,"column":61}},{"start":{"line":76,"column":64},"end":{"line":76,"column":70}}]}},"code":["(function (define) {","\tdefine(['module', 'exports', './loadCoverage', './remap', './writeReport', '../utils/node!istanbul/lib/store/memory'], function (module, exports, _loadCoverage, _remap, _writeReport, _memory) {","\t\t'use strict';","","\t\tObject.defineProperty(exports, \"__esModule\", {","\t\t\tvalue: true","\t\t});","\t\texports.default = gruntPlugin;","","\t\tvar _loadCoverage2 = _interopRequireDefault(_loadCoverage);","","\t\tvar _remap2 = _interopRequireDefault(_remap);","","\t\tvar _writeReport2 = _interopRequireDefault(_writeReport);","","\t\tvar _memory2 = _interopRequireDefault(_memory);","","\t\tfunction _interopRequireDefault(obj) {","\t\t\treturn obj && obj.__esModule ? obj : {","\t\t\t\tdefault: obj","\t\t\t};","\t\t}","","\t\t/* jshint node: true */","\t\t/* global Promise */","","\t\tfunction gruntPlugin(grunt) {","\t\t\tgrunt.registerMultiTask('remapIstanbul', function () {","\t\t\t\tvar done = this.async();","\t\t\t\tvar options = this.options();","\t\t\t\tvar sources = new _memory2.default();","\t\t\t\tvar p = [];","","\t\t\t\tfunction warn(message) {","\t\t\t\t\tif (options.fail) {","\t\t\t\t\t\tgrunt.fail.warn(message);","\t\t\t\t\t} else {","\t\t\t\t\t\tgrunt.log.error(message);","\t\t\t\t\t}","\t\t\t\t}","","\t\t\t\tthis.files.forEach(function (file) {","\t\t\t\t\tvar coverage = (0, _remap2.default)((0, _loadCoverage2.default)(file.src, {","\t\t\t\t\t\treadJSON: grunt.readJSON,","\t\t\t\t\t\twarn: warn","\t\t\t\t\t}), {","\t\t\t\t\t\treadFile: grunt.readFile,","\t\t\t\t\t\treadJSON: grunt.readJSON,","\t\t\t\t\t\twarn: warn,","\t\t\t\t\t\tsources: sources,","\t\t\t\t\t\tbasePath: file.basePath,","\t\t\t\t\t\tuseAbsolutePaths: options.useAbsolutePaths,","\t\t\t\t\t\texclude: options.exclude","\t\t\t\t\t});","","\t\t\t\t\tif (!Object.keys(sources.map).length) {","\t\t\t\t\t\tsources = undefined;","\t\t\t\t\t}","","\t\t\t\t\tif (file.type && file.dest) {","\t\t\t\t\t\tp.push((0, _writeReport2.default)(coverage, file.type, {}, file.dest, sources));","\t\t\t\t\t} else {","\t\t\t\t\t\tp = p.concat(Object.keys(options.reports).map(function (key) {","\t\t\t\t\t\t\treturn (0, _writeReport2.default)(coverage, key, options.reportOpts || {}, options.reports[key], sources);","\t\t\t\t\t\t}));","\t\t\t\t\t}","\t\t\t\t});","","\t\t\t\tPromise.all(p).then(function () {","\t\t\t\t\tdone();","\t\t\t\t}, grunt.fail.fatal);","\t\t\t});","\t\t};","\t\tmodule.exports = exports['default'];","\t});","})(typeof define !== 'function' ? require('amdefine')(module) : define);","//# sourceMappingURL=gruntRemapIstanbul.js.map"],"l":{"1":1,"2":1,"5":1,"8":1,"10":1,"12":1,"14":1,"16":1,"18":1,"19":4,"27":1,"28":0,"29":0,"30":0,"31":0,"32":0,"34":1,"35":0,"36":0,"38":0,"42":0,"43":0,"56":0,"57":0,"60":0,"61":0,"63":0,"64":0,"69":0,"70":0,"74":1}},"/home/travis/build/npmtest/node-npmtest-remap-istanbul/node_modules/remap-istanbul/lib/gulpRemapIstanbul.js":{"path":"/home/travis/build/npmtest/node-npmtest-remap-istanbul/node_modules/remap-istanbul/lib/gulpRemapIstanbul.js","s":{"1":1,"2":1,"3":1,"4":1,"5":1,"6":1,"7":1,"8":1,"9":1,"10":1,"11":5,"12":1,"13":0,"14":0,"15":0,"16":0,"17":0,"18":0,"19":0,"20":0,"21":0,"22":0,"23":0,"24":0,"25":0,"26":0,"27":0,"28":0,"29":0,"30":0,"31":0,"32":0,"33":0,"34":0,"35":0,"36":0,"37":0,"38":0,"39":0,"40":0,"41":1},"b":{"1":[0,5],"2":[5,5],"3":[0,0],"4":[0,0],"5":[0,0],"6":[0,0],"7":[0,0],"8":[0,0],"9":[0,0],"10":[0,0],"11":[0,0],"12":[0,0],"13":[0,0],"14":[1,0]},"f":{"1":1,"2":1,"3":5,"4":0,"5":0,"6":0,"7":0,"8":0},"fnMap":{"1":{"name":"(anonymous_1)","line":1,"loc":{"start":{"line":1,"column":1},"end":{"line":1,"column":19}}},"2":{"name":"(anonymous_2)","line":2,"loc":{"start":{"line":2,"column":175},"end":{"line":2,"column":279}}},"3":{"name":"_interopRequireDefault","line":20,"loc":{"start":{"line":20,"column":2},"end":{"line":20,"column":39}}},"4":{"name":"gulpPlugin","line":30,"loc":{"start":{"line":30,"column":2},"end":{"line":30,"column":24}}},"5":{"name":"(anonymous_5)","line":33,"loc":{"start":{"line":33,"column":36},"end":{"line":33,"column":61}}},"6":{"name":"(anonymous_6)","line":35,"loc":{"start":{"line":35,"column":17},"end":{"line":35,"column":36}}},"7":{"name":"(anonymous_7)","line":68,"loc":{"start":{"line":68,"column":39},"end":{"line":68,"column":54}}},"8":{"name":"(anonymous_8)","line":75,"loc":{"start":{"line":75,"column":24},"end":{"line":75,"column":36}}}},"statementMap":{"1":{"start":{"line":1,"column":0},"end":{"line":86,"column":72}},"2":{"start":{"line":2,"column":1},"end":{"line":85,"column":4}},"3":{"start":{"line":5,"column":2},"end":{"line":7,"column":5}},"4":{"start":{"line":8,"column":2},"end":{"line":8,"column":31}},"5":{"start":{"line":10,"column":2},"end":{"line":10,"column":47}},"6":{"start":{"line":12,"column":2},"end":{"line":12,"column":59}},"7":{"start":{"line":14,"column":2},"end":{"line":14,"column":65}},"8":{"start":{"line":16,"column":2},"end":{"line":16,"column":49}},"9":{"start":{"line":18,"column":2},"end":{"line":18,"column":59}},"10":{"start":{"line":20,"column":2},"end":{"line":24,"column":3}},"11":{"start":{"line":21,"column":3},"end":{"line":23,"column":5}},"12":{"start":{"line":30,"column":2},"end":{"line":83,"column":3}},"13":{"start":{"line":31,"column":3},"end":{"line":31,"column":85}},"14":{"start":{"line":33,"column":3},"end":{"line":82,"column":6}},"15":{"start":{"line":34,"column":4},"end":{"line":42,"column":5}},"16":{"start":{"line":35,"column":5},"end":{"line":41,"column":7}},"17":{"start":{"line":36,"column":6},"end":{"line":40,"column":7}},"18":{"start":{"line":37,"column":7},"end":{"line":37,"column":68}},"19":{"start":{"line":39,"column":7},"end":{"line":39,"column":30}},"20":{"start":{"line":44,"column":4},"end":{"line":44,"column":42}},"21":{"start":{"line":46,"column":4},"end":{"line":48,"column":5}},"22":{"start":{"line":47,"column":5},"end":{"line":47,"column":20}},"23":{"start":{"line":50,"column":4},"end":{"line":52,"column":5}},"24":{"start":{"line":51,"column":5},"end":{"line":51,"column":84}},"25":{"start":{"line":54,"column":4},"end":{"line":54,"column":91}},"26":{"start":{"line":56,"column":4},"end":{"line":56,"column":37}},"27":{"start":{"line":57,"column":4},"end":{"line":59,"column":5}},"28":{"start":{"line":58,"column":5},"end":{"line":58,"column":81}},"29":{"start":{"line":61,"column":4},"end":{"line":61,"column":25}},"30":{"start":{"line":62,"column":4},"end":{"line":64,"column":5}},"31":{"start":{"line":63,"column":5},"end":{"line":63,"column":28}},"32":{"start":{"line":66,"column":4},"end":{"line":66,"column":15}},"33":{"start":{"line":67,"column":4},"end":{"line":71,"column":5}},"34":{"start":{"line":68,"column":5},"end":{"line":70,"column":8}},"35":{"start":{"line":69,"column":6},"end":{"line":69,"column":108}},"36":{"start":{"line":73,"column":4},"end":{"line":73,"column":77}},"37":{"start":{"line":75,"column":4},"end":{"line":81,"column":7}},"38":{"start":{"line":76,"column":5},"end":{"line":80,"column":6}},"39":{"start":{"line":77,"column":6},"end":{"line":77,"column":95}},"40":{"start":{"line":79,"column":6},"end":{"line":79,"column":21}},"41":{"start":{"line":84,"column":2},"end":{"line":84,"column":38}}},"branchMap":{"1":{"line":21,"type":"cond-expr","locations":[{"start":{"line":21,"column":34},"end":{"line":21,"column":37}},{"start":{"line":21,"column":40},"end":{"line":23,"column":4}}]},"2":{"line":21,"type":"binary-expr","locations":[{"start":{"line":21,"column":10},"end":{"line":21,"column":13}},{"start":{"line":21,"column":17},"end":{"line":21,"column":31}}]},"3":{"line":31,"type":"cond-expr","locations":[{"start":{"line":31,"column":67},"end":{"line":31,"column":79}},{"start":{"line":31,"column":82},"end":{"line":31,"column":84}}]},"4":{"line":31,"type":"binary-expr","locations":[{"start":{"line":31,"column":14},"end":{"line":31,"column":34}},{"start":{"line":31,"column":38},"end":{"line":31,"column":64}}]},"5":{"line":34,"type":"if","locations":[{"start":{"line":34,"column":4},"end":{"line":34,"column":4}},{"start":{"line":34,"column":4},"end":{"line":34,"column":4}}]},"6":{"line":36,"type":"if","locations":[{"start":{"line":36,"column":6},"end":{"line":36,"column":6}},{"start":{"line":36,"column":6},"end":{"line":36,"column":6}}]},"7":{"line":46,"type":"if","locations":[{"start":{"line":46,"column":4},"end":{"line":46,"column":4}},{"start":{"line":46,"column":4},"end":{"line":46,"column":4}}]},"8":{"line":50,"type":"if","locations":[{"start":{"line":50,"column":4},"end":{"line":50,"column":4}},{"start":{"line":50,"column":4},"end":{"line":50,"column":4}}]},"9":{"line":57,"type":"if","locations":[{"start":{"line":57,"column":4},"end":{"line":57,"column":4}},{"start":{"line":57,"column":4},"end":{"line":57,"column":4}}]},"10":{"line":62,"type":"if","locations":[{"start":{"line":62,"column":4},"end":{"line":62,"column":4}},{"start":{"line":62,"column":4},"end":{"line":62,"column":4}}]},"11":{"line":67,"type":"if","locations":[{"start":{"line":67,"column":4},"end":{"line":67,"column":4}},{"start":{"line":67,"column":4},"end":{"line":67,"column":4}}]},"12":{"line":69,"type":"binary-expr","locations":[{"start":{"line":69,"column":56},"end":{"line":69,"column":71}},{"start":{"line":69,"column":75},"end":{"line":69,"column":77}}]},"13":{"line":76,"type":"if","locations":[{"start":{"line":76,"column":5},"end":{"line":76,"column":5}},{"start":{"line":76,"column":5},"end":{"line":76,"column":5}}]},"14":{"line":86,"type":"cond-expr","locations":[{"start":{"line":86,"column":34},"end":{"line":86,"column":61}},{"start":{"line":86,"column":64},"end":{"line":86,"column":70}}]}},"code":["(function (define) {","\tdefine(['module', 'exports', './remap', './writeReport', './checkThreshold', '../utils/node!istanbul/lib/store/memory', '../utils/node!gulp-util', '../utils/node!through2'], function (module, exports, _remap, _writeReport, _checkThreshold, _memory, _nodeGulpUtil, _nodeThrough) {","\t\t'use strict';","","\t\tObject.defineProperty(exports, \"__esModule\", {","\t\t\tvalue: true","\t\t});","\t\texports.default = gulpPlugin;","","\t\tvar _remap2 = _interopRequireDefault(_remap);","","\t\tvar _writeReport2 = _interopRequireDefault(_writeReport);","","\t\tvar _checkThreshold2 = _interopRequireDefault(_checkThreshold);","","\t\tvar _memory2 = _interopRequireDefault(_memory);","","\t\tvar _nodeThrough2 = _interopRequireDefault(_nodeThrough);","","\t\tfunction _interopRequireDefault(obj) {","\t\t\treturn obj && obj.__esModule ? obj : {","\t\t\t\tdefault: obj","\t\t\t};","\t\t}","","\t\t/* global Promise */","","\t\t/* jshint node: true */","\t\t/* jshint -W079 */","\t\tfunction gulpPlugin() {","\t\t\tvar opts = arguments.length > 0 && arguments[0] !== undefined ? arguments[0] : {};","","\t\t\treturn _nodeThrough2.default.obj(function (file, enc, cb) {","\t\t\t\tif (!opts.warn) {","\t\t\t\t\topts.warn = function (message) {","\t\t\t\t\t\tif (opts.fail) {","\t\t\t\t\t\t\tcb(new _nodeGulpUtil.PluginError('remap-istanbul', message));","\t\t\t\t\t\t} else {","\t\t\t\t\t\t\tconsole.error(message);","\t\t\t\t\t\t}","\t\t\t\t\t};","\t\t\t\t}","","\t\t\t\topts.sources = new _memory2.default();","","\t\t\t\tif (file.isNull()) {","\t\t\t\t\tcb(null, file);","\t\t\t\t}","","\t\t\t\tif (file.isStream()) {","\t\t\t\t\tcb(new _nodeGulpUtil.PluginError('remap-istanbul', 'Streaming not supported'));","\t\t\t\t}","","\t\t\t\tvar collector = (0, _remap2.default)(JSON.parse(file.contents.toString('utf8')), opts);","","\t\t\t\tvar thresholdCheckFailed = false;","\t\t\t\tif (opts.check) {","\t\t\t\t\tthresholdCheckFailed = (0, _checkThreshold2.default)(opts.check, collector);","\t\t\t\t}","","\t\t\t\tvar sources = void 0;","\t\t\t\tif (Object.keys(opts.sources.map).length) {","\t\t\t\t\tsources = opts.sources;","\t\t\t\t}","","\t\t\t\tvar p = [];","\t\t\t\tif (opts.reports) {","\t\t\t\t\tObject.keys(opts.reports).forEach(function (key) {","\t\t\t\t\t\tp.push((0, _writeReport2.default)(collector, key, opts.reportOpts || {}, opts.reports[key], sources));","\t\t\t\t\t});","\t\t\t\t}","","\t\t\t\tfile.contents = new Buffer(JSON.stringify(collector.getFinalCoverage()));","","\t\t\t\tPromise.all(p).then(function () {","\t\t\t\t\tif (thresholdCheckFailed) {","\t\t\t\t\t\treturn cb(new _nodeGulpUtil.PluginError('remap-istanbul', 'Coverage threshold not met'));","\t\t\t\t\t} else {","\t\t\t\t\t\tcb(null, file);","\t\t\t\t\t}","\t\t\t\t});","\t\t\t});","\t\t};","\t\tmodule.exports = exports['default'];","\t});","})(typeof define !== 'function' ? require('amdefine')(module) : define);","//# sourceMappingURL=gulpRemapIstanbul.js.map"],"l":{"1":1,"2":1,"5":1,"8":1,"10":1,"12":1,"14":1,"16":1,"18":1,"20":1,"21":5,"30":1,"31":0,"33":0,"34":0,"35":0,"36":0,"37":0,"39":0,"44":0,"46":0,"47":0,"50":0,"51":0,"54":0,"56":0,"57":0,"58":0,"61":0,"62":0,"63":0,"66":0,"67":0,"68":0,"69":0,"73":0,"75":0,"76":0,"77":0,"79":0,"84":1}},"/home/travis/build/npmtest/node-npmtest-remap-istanbul/node_modules/remap-istanbul/tasks/remapIstanbul.js":{"path":"/home/travis/build/npmtest/node-npmtest-remap-istanbul/node_modules/remap-istanbul/tasks/remapIstanbul.js","s":{"1":1},"b":{},"f":{},"fnMap":{},"statementMap":{"1":{"start":{"line":1,"column":0},"end":{"line":1,"column":54}}},"branchMap":{},"code":["module.exports = require('../lib/gruntRemapIstanbul');",""],"l":{"1":1}},"/home/travis/build/npmtest/node-npmtest-remap-istanbul/node_modules/remap-istanbul/lib/intern-reporters/JsonCoverage.js":{"path":"/home/travis/build/npmtest/node-npmtest-remap-istanbul/node_modules/remap-istanbul/lib/intern-reporters/JsonCoverage.js","s":{"1":1,"2":1,"3":1,"4":1,"5":1,"6":1,"7":2,"8":1,"9":0,"10":0,"11":0,"12":1,"13":0,"14":1,"15":0,"16":1,"17":1},"b":{"1":[0,2],"2":[2,2],"3":[0,0],"4":[0,0],"5":[1,0]},"f":{"1":1,"2":1,"3":2,"4":0,"5":0,"6":0},"fnMap":{"1":{"name":"(anonymous_1)","line":1,"loc":{"start":{"line":1,"column":1},"end":{"line":1,"column":19}}},"2":{"name":"(anonymous_2)","line":2,"loc":{"start":{"line":2,"column":119},"end":{"line":2,"column":165}}},"3":{"name":"_interopRequireDefault","line":13,"loc":{"start":{"line":13,"column":2},"end":{"line":13,"column":39}}},"4":{"name":"JsonCoverageReporter","line":19,"loc":{"start":{"line":19,"column":2},"end":{"line":19,"column":34}}},"5":{"name":"coverage","line":29,"loc":{"start":{"line":29,"column":44},"end":{"line":29,"column":87}}},"6":{"name":"runEnd","line":33,"loc":{"start":{"line":33,"column":42},"end":{"line":33,"column":60}}}},"statementMap":{"1":{"start":{"line":1,"column":0},"end":{"line":40,"column":72}},"2":{"start":{"line":2,"column":1},"end":{"line":39,"column":4}},"3":{"start":{"line":5,"column":2},"end":{"line":7,"column":5}},"4":{"start":{"line":9,"column":2},"end":{"line":9,"column":55}},"5":{"start":{"line":11,"column":2},"end":{"line":11,"column":45}},"6":{"start":{"line":13,"column":2},"end":{"line":17,"column":3}},"7":{"start":{"line":14,"column":3},"end":{"line":16,"column":5}},"8":{"start":{"line":19,"column":2},"end":{"line":27,"column":3}},"9":{"start":{"line":20,"column":3},"end":{"line":20,"column":87}},"10":{"start":{"line":22,"column":3},"end":{"line":22,"column":47}},"11":{"start":{"line":23,"column":3},"end":{"line":26,"column":6}},"12":{"start":{"line":29,"column":2},"end":{"line":31,"column":4}},"13":{"start":{"line":30,"column":3},"end":{"line":30,"column":37}},"14":{"start":{"line":33,"column":2},"end":{"line":35,"column":4}},"15":{"start":{"line":34,"column":3},"end":{"line":34,"column":53}},"16":{"start":{"line":37,"column":2},"end":{"line":37,"column":41}},"17":{"start":{"line":38,"column":2},"end":{"line":38,"column":38}}},"branchMap":{"1":{"line":14,"type":"cond-expr","locations":[{"start":{"line":14,"column":34},"end":{"line":14,"column":37}},{"start":{"line":14,"column":40},"end":{"line":16,"column":4}}]},"2":{"line":14,"type":"binary-expr","locations":[{"start":{"line":14,"column":10},"end":{"line":14,"column":13}},{"start":{"line":14,"column":17},"end":{"line":14,"column":31}}]},"3":{"line":20,"type":"cond-expr","locations":[{"start":{"line":20,"column":69},"end":{"line":20,"column":81}},{"start":{"line":20,"column":84},"end":{"line":20,"column":86}}]},"4":{"line":20,"type":"binary-expr","locations":[{"start":{"line":20,"column":16},"end":{"line":20,"column":36}},{"start":{"line":20,"column":40},"end":{"line":20,"column":66}}]},"5":{"line":40,"type":"cond-expr","locations":[{"start":{"line":40,"column":34},"end":{"line":40,"column":61}},{"start":{"line":40,"column":64},"end":{"line":40,"column":70}}]}},"code":["(function (define) {","\tdefine(['module', 'exports', '../../utils/node!istanbul/lib/collector', '../../utils/node!istanbul/lib/report/json'], function (module, exports, _collector, _json) {","\t\t'use strict';","","\t\tObject.defineProperty(exports, \"__esModule\", {","\t\t\tvalue: true","\t\t});","","\t\tvar _collector2 = _interopRequireDefault(_collector);","","\t\tvar _json2 = _interopRequireDefault(_json);","","\t\tfunction _interopRequireDefault(obj) {","\t\t\treturn obj && obj.__esModule ? obj : {","\t\t\t\tdefault: obj","\t\t\t};","\t\t}","","\t\tfunction JsonCoverageReporter() {","\t\t\tvar config = arguments.length > 0 && arguments[0] !== undefined ? arguments[0] : {};","","\t\t\tthis._collector = new _collector2.default();","\t\t\tthis._reporter = new _json2.default({","\t\t\t\tfile: config.filename,","\t\t\t\twatermarks: config.watermarks","\t\t\t});","\t\t}","","\t\tJsonCoverageReporter.prototype.coverage = function coverage(sessionId, coverageData) {","\t\t\tthis._collector.add(coverageData);","\t\t};","","\t\tJsonCoverageReporter.prototype.runEnd = function runEnd() {","\t\t\tthis._reporter.writeReport(this._collector, true);","\t\t};","","\t\texports.default = JsonCoverageReporter;","\t\tmodule.exports = exports['default'];","\t});","})(typeof define !== 'function' ? require('amdefine')(module) : define);","//# sourceMappingURL=JsonCoverage.js.map"],"l":{"1":1,"2":1,"5":1,"9":1,"11":1,"13":1,"14":2,"19":1,"20":0,"22":0,"23":0,"29":1,"30":0,"33":1,"34":0,"37":1,"38":1}}}